ARM GAS  C:\Users\danza\AppData\Local\Temp\ccaAn6x2.s 			page 1


   1              		.syntax unified
   2              		.cpu cortex-m3
   3              		.fpu softvfp
   4              		.eabi_attribute 20, 1
   5              		.eabi_attribute 21, 1
   6              		.eabi_attribute 23, 3
   7              		.eabi_attribute 24, 1
   8              		.eabi_attribute 25, 1
   9              		.eabi_attribute 26, 1
  10              		.eabi_attribute 30, 1
  11              		.eabi_attribute 34, 1
  12              		.eabi_attribute 18, 4
  13              		.thumb
  14              		.syntax unified
  15              		.file	"CONTROL_ISR.c"
  16              		.text
  17              	.Ltext0:
  18              		.cfi_sections	.debug_frame
  19              		.section	.text.CONTROL_ISR_Interrupt,"ax",%progbits
  20              		.align	2
  21              		.global	CONTROL_ISR_Interrupt
  22              		.thumb
  23              		.thumb_func
  24              		.type	CONTROL_ISR_Interrupt, %function
  25              	CONTROL_ISR_Interrupt:
  26              	.LFB3:
  27              		.file 1 "Generated_Source\\PSoC5\\CONTROL_ISR.c"
   1:Generated_Source\PSoC5/CONTROL_ISR.c **** /*******************************************************************************
   2:Generated_Source\PSoC5/CONTROL_ISR.c **** * File Name: CONTROL_ISR.c  
   3:Generated_Source\PSoC5/CONTROL_ISR.c **** * Version 1.70
   4:Generated_Source\PSoC5/CONTROL_ISR.c **** *
   5:Generated_Source\PSoC5/CONTROL_ISR.c **** *  Description:
   6:Generated_Source\PSoC5/CONTROL_ISR.c **** *   API for controlling the state of an interrupt.
   7:Generated_Source\PSoC5/CONTROL_ISR.c **** *
   8:Generated_Source\PSoC5/CONTROL_ISR.c **** *
   9:Generated_Source\PSoC5/CONTROL_ISR.c **** *  Note:
  10:Generated_Source\PSoC5/CONTROL_ISR.c **** *
  11:Generated_Source\PSoC5/CONTROL_ISR.c **** ********************************************************************************
  12:Generated_Source\PSoC5/CONTROL_ISR.c **** * Copyright 2008-2015, Cypress Semiconductor Corporation.  All rights reserved.
  13:Generated_Source\PSoC5/CONTROL_ISR.c **** * You may use this file only in accordance with the license, terms, conditions, 
  14:Generated_Source\PSoC5/CONTROL_ISR.c **** * disclaimers, and limitations in the end user license agreement accompanying 
  15:Generated_Source\PSoC5/CONTROL_ISR.c **** * the software package with which this file was provided.
  16:Generated_Source\PSoC5/CONTROL_ISR.c **** *******************************************************************************/
  17:Generated_Source\PSoC5/CONTROL_ISR.c **** 
  18:Generated_Source\PSoC5/CONTROL_ISR.c **** 
  19:Generated_Source\PSoC5/CONTROL_ISR.c **** #include <cydevice_trm.h>
  20:Generated_Source\PSoC5/CONTROL_ISR.c **** #include <CyLib.h>
  21:Generated_Source\PSoC5/CONTROL_ISR.c **** #include <CONTROL_ISR.h>
  22:Generated_Source\PSoC5/CONTROL_ISR.c **** #include "cyapicallbacks.h"
  23:Generated_Source\PSoC5/CONTROL_ISR.c **** 
  24:Generated_Source\PSoC5/CONTROL_ISR.c **** #if !defined(CONTROL_ISR__REMOVED) /* Check for removal by optimization */
  25:Generated_Source\PSoC5/CONTROL_ISR.c **** 
  26:Generated_Source\PSoC5/CONTROL_ISR.c **** /*******************************************************************************
  27:Generated_Source\PSoC5/CONTROL_ISR.c **** *  Place your includes, defines and code here 
  28:Generated_Source\PSoC5/CONTROL_ISR.c **** ********************************************************************************/
  29:Generated_Source\PSoC5/CONTROL_ISR.c **** /* `#START CONTROL_ISR_intc` */
  30:Generated_Source\PSoC5/CONTROL_ISR.c ****     #include "Control.h"    
ARM GAS  C:\Users\danza\AppData\Local\Temp\ccaAn6x2.s 			page 2


  31:Generated_Source\PSoC5/CONTROL_ISR.c **** 
  32:Generated_Source\PSoC5/CONTROL_ISR.c ****     extern volatile int CharacterPos;
  33:Generated_Source\PSoC5/CONTROL_ISR.c ****     
  34:Generated_Source\PSoC5/CONTROL_ISR.c **** /* `#END` */
  35:Generated_Source\PSoC5/CONTROL_ISR.c **** 
  36:Generated_Source\PSoC5/CONTROL_ISR.c **** #ifndef CYINT_IRQ_BASE
  37:Generated_Source\PSoC5/CONTROL_ISR.c **** #define CYINT_IRQ_BASE      16
  38:Generated_Source\PSoC5/CONTROL_ISR.c **** #endif /* CYINT_IRQ_BASE */
  39:Generated_Source\PSoC5/CONTROL_ISR.c **** #ifndef CYINT_VECT_TABLE
  40:Generated_Source\PSoC5/CONTROL_ISR.c **** #define CYINT_VECT_TABLE    ((cyisraddress **) CYREG_NVIC_VECT_OFFSET)
  41:Generated_Source\PSoC5/CONTROL_ISR.c **** #endif /* CYINT_VECT_TABLE */
  42:Generated_Source\PSoC5/CONTROL_ISR.c **** 
  43:Generated_Source\PSoC5/CONTROL_ISR.c **** /* Declared in startup, used to set unused interrupts to. */
  44:Generated_Source\PSoC5/CONTROL_ISR.c **** CY_ISR_PROTO(IntDefaultHandler);
  45:Generated_Source\PSoC5/CONTROL_ISR.c **** 
  46:Generated_Source\PSoC5/CONTROL_ISR.c **** 
  47:Generated_Source\PSoC5/CONTROL_ISR.c **** /*******************************************************************************
  48:Generated_Source\PSoC5/CONTROL_ISR.c **** * Function Name: CONTROL_ISR_Start
  49:Generated_Source\PSoC5/CONTROL_ISR.c **** ********************************************************************************
  50:Generated_Source\PSoC5/CONTROL_ISR.c **** *
  51:Generated_Source\PSoC5/CONTROL_ISR.c **** * Summary:
  52:Generated_Source\PSoC5/CONTROL_ISR.c **** *  Set up the interrupt and enable it. This function disables the interrupt, 
  53:Generated_Source\PSoC5/CONTROL_ISR.c **** *  sets the default interrupt vector, sets the priority from the value in the
  54:Generated_Source\PSoC5/CONTROL_ISR.c **** *  Design Wide Resources Interrupt Editor, then enables the interrupt to the 
  55:Generated_Source\PSoC5/CONTROL_ISR.c **** *  interrupt controller.
  56:Generated_Source\PSoC5/CONTROL_ISR.c **** *
  57:Generated_Source\PSoC5/CONTROL_ISR.c **** * Parameters:  
  58:Generated_Source\PSoC5/CONTROL_ISR.c **** *   None
  59:Generated_Source\PSoC5/CONTROL_ISR.c **** *
  60:Generated_Source\PSoC5/CONTROL_ISR.c **** * Return:
  61:Generated_Source\PSoC5/CONTROL_ISR.c **** *   None
  62:Generated_Source\PSoC5/CONTROL_ISR.c **** *
  63:Generated_Source\PSoC5/CONTROL_ISR.c **** *******************************************************************************/
  64:Generated_Source\PSoC5/CONTROL_ISR.c **** void CONTROL_ISR_Start(void)
  65:Generated_Source\PSoC5/CONTROL_ISR.c **** {
  66:Generated_Source\PSoC5/CONTROL_ISR.c ****     /* For all we know the interrupt is active. */
  67:Generated_Source\PSoC5/CONTROL_ISR.c ****     CONTROL_ISR_Disable();
  68:Generated_Source\PSoC5/CONTROL_ISR.c **** 
  69:Generated_Source\PSoC5/CONTROL_ISR.c ****     /* Set the ISR to point to the CONTROL_ISR Interrupt. */
  70:Generated_Source\PSoC5/CONTROL_ISR.c ****     CONTROL_ISR_SetVector(&CONTROL_ISR_Interrupt);
  71:Generated_Source\PSoC5/CONTROL_ISR.c **** 
  72:Generated_Source\PSoC5/CONTROL_ISR.c ****     /* Set the priority. */
  73:Generated_Source\PSoC5/CONTROL_ISR.c ****     CONTROL_ISR_SetPriority((uint8)CONTROL_ISR_INTC_PRIOR_NUMBER);
  74:Generated_Source\PSoC5/CONTROL_ISR.c **** 
  75:Generated_Source\PSoC5/CONTROL_ISR.c ****     /* Enable it. */
  76:Generated_Source\PSoC5/CONTROL_ISR.c ****     CONTROL_ISR_Enable();
  77:Generated_Source\PSoC5/CONTROL_ISR.c **** }
  78:Generated_Source\PSoC5/CONTROL_ISR.c **** 
  79:Generated_Source\PSoC5/CONTROL_ISR.c **** 
  80:Generated_Source\PSoC5/CONTROL_ISR.c **** /*******************************************************************************
  81:Generated_Source\PSoC5/CONTROL_ISR.c **** * Function Name: CONTROL_ISR_StartEx
  82:Generated_Source\PSoC5/CONTROL_ISR.c **** ********************************************************************************
  83:Generated_Source\PSoC5/CONTROL_ISR.c **** *
  84:Generated_Source\PSoC5/CONTROL_ISR.c **** * Summary:
  85:Generated_Source\PSoC5/CONTROL_ISR.c **** *  Sets up the interrupt and enables it. This function disables the interrupt,
  86:Generated_Source\PSoC5/CONTROL_ISR.c **** *  sets the interrupt vector based on the address passed in, sets the priority 
  87:Generated_Source\PSoC5/CONTROL_ISR.c **** *  from the value in the Design Wide Resources Interrupt Editor, then enables 
ARM GAS  C:\Users\danza\AppData\Local\Temp\ccaAn6x2.s 			page 3


  88:Generated_Source\PSoC5/CONTROL_ISR.c **** *  the interrupt to the interrupt controller.
  89:Generated_Source\PSoC5/CONTROL_ISR.c **** *  
  90:Generated_Source\PSoC5/CONTROL_ISR.c **** *  When defining ISR functions, the CY_ISR and CY_ISR_PROTO macros should be 
  91:Generated_Source\PSoC5/CONTROL_ISR.c **** *  used to provide consistent definition across compilers:
  92:Generated_Source\PSoC5/CONTROL_ISR.c **** *  
  93:Generated_Source\PSoC5/CONTROL_ISR.c **** *  Function definition example:
  94:Generated_Source\PSoC5/CONTROL_ISR.c **** *   CY_ISR(MyISR)
  95:Generated_Source\PSoC5/CONTROL_ISR.c **** *   {
  96:Generated_Source\PSoC5/CONTROL_ISR.c **** *   }
  97:Generated_Source\PSoC5/CONTROL_ISR.c **** *   Function prototype example:
  98:Generated_Source\PSoC5/CONTROL_ISR.c **** *   CY_ISR_PROTO(MyISR);
  99:Generated_Source\PSoC5/CONTROL_ISR.c **** *
 100:Generated_Source\PSoC5/CONTROL_ISR.c **** * Parameters:  
 101:Generated_Source\PSoC5/CONTROL_ISR.c **** *   address: Address of the ISR to set in the interrupt vector table.
 102:Generated_Source\PSoC5/CONTROL_ISR.c **** *
 103:Generated_Source\PSoC5/CONTROL_ISR.c **** * Return:
 104:Generated_Source\PSoC5/CONTROL_ISR.c **** *   None
 105:Generated_Source\PSoC5/CONTROL_ISR.c **** *
 106:Generated_Source\PSoC5/CONTROL_ISR.c **** *******************************************************************************/
 107:Generated_Source\PSoC5/CONTROL_ISR.c **** void CONTROL_ISR_StartEx(cyisraddress address)
 108:Generated_Source\PSoC5/CONTROL_ISR.c **** {
 109:Generated_Source\PSoC5/CONTROL_ISR.c ****     /* For all we know the interrupt is active. */
 110:Generated_Source\PSoC5/CONTROL_ISR.c ****     CONTROL_ISR_Disable();
 111:Generated_Source\PSoC5/CONTROL_ISR.c **** 
 112:Generated_Source\PSoC5/CONTROL_ISR.c ****     /* Set the ISR to point to the CONTROL_ISR Interrupt. */
 113:Generated_Source\PSoC5/CONTROL_ISR.c ****     CONTROL_ISR_SetVector(address);
 114:Generated_Source\PSoC5/CONTROL_ISR.c **** 
 115:Generated_Source\PSoC5/CONTROL_ISR.c ****     /* Set the priority. */
 116:Generated_Source\PSoC5/CONTROL_ISR.c ****     CONTROL_ISR_SetPriority((uint8)CONTROL_ISR_INTC_PRIOR_NUMBER);
 117:Generated_Source\PSoC5/CONTROL_ISR.c **** 
 118:Generated_Source\PSoC5/CONTROL_ISR.c ****     /* Enable it. */
 119:Generated_Source\PSoC5/CONTROL_ISR.c ****     CONTROL_ISR_Enable();
 120:Generated_Source\PSoC5/CONTROL_ISR.c **** }
 121:Generated_Source\PSoC5/CONTROL_ISR.c **** 
 122:Generated_Source\PSoC5/CONTROL_ISR.c **** 
 123:Generated_Source\PSoC5/CONTROL_ISR.c **** /*******************************************************************************
 124:Generated_Source\PSoC5/CONTROL_ISR.c **** * Function Name: CONTROL_ISR_Stop
 125:Generated_Source\PSoC5/CONTROL_ISR.c **** ********************************************************************************
 126:Generated_Source\PSoC5/CONTROL_ISR.c **** *
 127:Generated_Source\PSoC5/CONTROL_ISR.c **** * Summary:
 128:Generated_Source\PSoC5/CONTROL_ISR.c **** *   Disables and removes the interrupt.
 129:Generated_Source\PSoC5/CONTROL_ISR.c **** *
 130:Generated_Source\PSoC5/CONTROL_ISR.c **** * Parameters:  
 131:Generated_Source\PSoC5/CONTROL_ISR.c **** *   None
 132:Generated_Source\PSoC5/CONTROL_ISR.c **** *
 133:Generated_Source\PSoC5/CONTROL_ISR.c **** * Return:
 134:Generated_Source\PSoC5/CONTROL_ISR.c **** *   None
 135:Generated_Source\PSoC5/CONTROL_ISR.c **** *
 136:Generated_Source\PSoC5/CONTROL_ISR.c **** *******************************************************************************/
 137:Generated_Source\PSoC5/CONTROL_ISR.c **** void CONTROL_ISR_Stop(void)
 138:Generated_Source\PSoC5/CONTROL_ISR.c **** {
 139:Generated_Source\PSoC5/CONTROL_ISR.c ****     /* Disable this interrupt. */
 140:Generated_Source\PSoC5/CONTROL_ISR.c ****     CONTROL_ISR_Disable();
 141:Generated_Source\PSoC5/CONTROL_ISR.c **** 
 142:Generated_Source\PSoC5/CONTROL_ISR.c ****     /* Set the ISR to point to the passive one. */
 143:Generated_Source\PSoC5/CONTROL_ISR.c ****     CONTROL_ISR_SetVector(&IntDefaultHandler);
 144:Generated_Source\PSoC5/CONTROL_ISR.c **** }
ARM GAS  C:\Users\danza\AppData\Local\Temp\ccaAn6x2.s 			page 4


 145:Generated_Source\PSoC5/CONTROL_ISR.c **** 
 146:Generated_Source\PSoC5/CONTROL_ISR.c **** 
 147:Generated_Source\PSoC5/CONTROL_ISR.c **** /*******************************************************************************
 148:Generated_Source\PSoC5/CONTROL_ISR.c **** * Function Name: CONTROL_ISR_Interrupt
 149:Generated_Source\PSoC5/CONTROL_ISR.c **** ********************************************************************************
 150:Generated_Source\PSoC5/CONTROL_ISR.c **** *
 151:Generated_Source\PSoC5/CONTROL_ISR.c **** * Summary:
 152:Generated_Source\PSoC5/CONTROL_ISR.c **** *   The default Interrupt Service Routine for CONTROL_ISR.
 153:Generated_Source\PSoC5/CONTROL_ISR.c **** *
 154:Generated_Source\PSoC5/CONTROL_ISR.c **** *   Add custom code between the coments to keep the next version of this file
 155:Generated_Source\PSoC5/CONTROL_ISR.c **** *   from over writting your code.
 156:Generated_Source\PSoC5/CONTROL_ISR.c **** *
 157:Generated_Source\PSoC5/CONTROL_ISR.c **** * Parameters:  
 158:Generated_Source\PSoC5/CONTROL_ISR.c **** *
 159:Generated_Source\PSoC5/CONTROL_ISR.c **** * Return:
 160:Generated_Source\PSoC5/CONTROL_ISR.c **** *   None
 161:Generated_Source\PSoC5/CONTROL_ISR.c **** *
 162:Generated_Source\PSoC5/CONTROL_ISR.c **** *******************************************************************************/
 163:Generated_Source\PSoC5/CONTROL_ISR.c **** CY_ISR(CONTROL_ISR_Interrupt)
 164:Generated_Source\PSoC5/CONTROL_ISR.c **** {
  28              		.loc 1 164 0
  29              		.cfi_startproc
  30              		@ args = 0, pretend = 0, frame = 0
  31              		@ frame_needed = 0, uses_anonymous_args = 0
  32 0000 08B5     		push	{r3, lr}
  33              		.cfi_def_cfa_offset 8
  34              		.cfi_offset 3, -8
  35              		.cfi_offset 14, -4
 165:Generated_Source\PSoC5/CONTROL_ISR.c ****     #ifdef CONTROL_ISR_INTERRUPT_INTERRUPT_CALLBACK
 166:Generated_Source\PSoC5/CONTROL_ISR.c ****         CONTROL_ISR_Interrupt_InterruptCallback();
 167:Generated_Source\PSoC5/CONTROL_ISR.c ****     #endif /* CONTROL_ISR_INTERRUPT_INTERRUPT_CALLBACK */ 
 168:Generated_Source\PSoC5/CONTROL_ISR.c **** 
 169:Generated_Source\PSoC5/CONTROL_ISR.c ****     /*  Place your Interrupt code here. */
 170:Generated_Source\PSoC5/CONTROL_ISR.c ****     /* `#START CONTROL_ISR_Interrupt` */
 171:Generated_Source\PSoC5/CONTROL_ISR.c ****         if (Control_Read() == 1)
  36              		.loc 1 171 0
  37 0002 FFF7FEFF 		bl	Control_Read
  38              	.LVL0:
  39 0006 0128     		cmp	r0, #1
  40 0008 03D1     		bne	.L2
 172:Generated_Source\PSoC5/CONTROL_ISR.c ****         {
 173:Generated_Source\PSoC5/CONTROL_ISR.c ****          CharacterPos = 0;
  41              		.loc 1 173 0
  42 000a 0022     		movs	r2, #0
  43 000c 064B     		ldr	r3, .L5
  44 000e 1A60     		str	r2, [r3]
  45 0010 06E0     		b	.L3
  46              	.L2:
 174:Generated_Source\PSoC5/CONTROL_ISR.c ****         }
 175:Generated_Source\PSoC5/CONTROL_ISR.c ****         else if (Control_Read() == 2)
  47              		.loc 1 175 0
  48 0012 FFF7FEFF 		bl	Control_Read
  49              	.LVL1:
  50 0016 0228     		cmp	r0, #2
  51 0018 02D1     		bne	.L3
 176:Generated_Source\PSoC5/CONTROL_ISR.c ****         {
 177:Generated_Source\PSoC5/CONTROL_ISR.c ****          CharacterPos = 1;   
ARM GAS  C:\Users\danza\AppData\Local\Temp\ccaAn6x2.s 			page 5


  52              		.loc 1 177 0
  53 001a 0122     		movs	r2, #1
  54 001c 024B     		ldr	r3, .L5
  55 001e 1A60     		str	r2, [r3]
  56              	.L3:
 178:Generated_Source\PSoC5/CONTROL_ISR.c ****         }
 179:Generated_Source\PSoC5/CONTROL_ISR.c ****         Control_ClearInterrupt();
  57              		.loc 1 179 0
  58 0020 FFF7FEFF 		bl	Control_ClearInterrupt
  59              	.LVL2:
  60 0024 08BD     		pop	{r3, pc}
  61              	.L6:
  62 0026 00BF     		.align	2
  63              	.L5:
  64 0028 00000000 		.word	CharacterPos
  65              		.cfi_endproc
  66              	.LFE3:
  67              		.size	CONTROL_ISR_Interrupt, .-CONTROL_ISR_Interrupt
  68              		.section	.text.CONTROL_ISR_SetVector,"ax",%progbits
  69              		.align	2
  70              		.global	CONTROL_ISR_SetVector
  71              		.thumb
  72              		.thumb_func
  73              		.type	CONTROL_ISR_SetVector, %function
  74              	CONTROL_ISR_SetVector:
  75              	.LFB4:
 180:Generated_Source\PSoC5/CONTROL_ISR.c ****     /* `#END` */
 181:Generated_Source\PSoC5/CONTROL_ISR.c **** }
 182:Generated_Source\PSoC5/CONTROL_ISR.c **** 
 183:Generated_Source\PSoC5/CONTROL_ISR.c **** 
 184:Generated_Source\PSoC5/CONTROL_ISR.c **** /*******************************************************************************
 185:Generated_Source\PSoC5/CONTROL_ISR.c **** * Function Name: CONTROL_ISR_SetVector
 186:Generated_Source\PSoC5/CONTROL_ISR.c **** ********************************************************************************
 187:Generated_Source\PSoC5/CONTROL_ISR.c **** *
 188:Generated_Source\PSoC5/CONTROL_ISR.c **** * Summary:
 189:Generated_Source\PSoC5/CONTROL_ISR.c **** *   Change the ISR vector for the Interrupt. Note calling CONTROL_ISR_Start
 190:Generated_Source\PSoC5/CONTROL_ISR.c **** *   will override any effect this method would have had. To set the vector 
 191:Generated_Source\PSoC5/CONTROL_ISR.c **** *   before the component has been started use CONTROL_ISR_StartEx instead.
 192:Generated_Source\PSoC5/CONTROL_ISR.c **** * 
 193:Generated_Source\PSoC5/CONTROL_ISR.c **** *   When defining ISR functions, the CY_ISR and CY_ISR_PROTO macros should be 
 194:Generated_Source\PSoC5/CONTROL_ISR.c **** *   used to provide consistent definition across compilers:
 195:Generated_Source\PSoC5/CONTROL_ISR.c **** *
 196:Generated_Source\PSoC5/CONTROL_ISR.c **** *   Function definition example:
 197:Generated_Source\PSoC5/CONTROL_ISR.c **** *   CY_ISR(MyISR)
 198:Generated_Source\PSoC5/CONTROL_ISR.c **** *   {
 199:Generated_Source\PSoC5/CONTROL_ISR.c **** *   }
 200:Generated_Source\PSoC5/CONTROL_ISR.c **** *
 201:Generated_Source\PSoC5/CONTROL_ISR.c **** *   Function prototype example:
 202:Generated_Source\PSoC5/CONTROL_ISR.c **** *     CY_ISR_PROTO(MyISR);
 203:Generated_Source\PSoC5/CONTROL_ISR.c **** *
 204:Generated_Source\PSoC5/CONTROL_ISR.c **** * Parameters:
 205:Generated_Source\PSoC5/CONTROL_ISR.c **** *   address: Address of the ISR to set in the interrupt vector table.
 206:Generated_Source\PSoC5/CONTROL_ISR.c **** *
 207:Generated_Source\PSoC5/CONTROL_ISR.c **** * Return:
 208:Generated_Source\PSoC5/CONTROL_ISR.c **** *   None
 209:Generated_Source\PSoC5/CONTROL_ISR.c **** *
 210:Generated_Source\PSoC5/CONTROL_ISR.c **** *******************************************************************************/
ARM GAS  C:\Users\danza\AppData\Local\Temp\ccaAn6x2.s 			page 6


 211:Generated_Source\PSoC5/CONTROL_ISR.c **** void CONTROL_ISR_SetVector(cyisraddress address)
 212:Generated_Source\PSoC5/CONTROL_ISR.c **** {
  76              		.loc 1 212 0
  77              		.cfi_startproc
  78              		@ args = 0, pretend = 0, frame = 0
  79              		@ frame_needed = 0, uses_anonymous_args = 0
  80              		@ link register save eliminated.
  81              	.LVL3:
 213:Generated_Source\PSoC5/CONTROL_ISR.c ****     cyisraddress * ramVectorTable;
 214:Generated_Source\PSoC5/CONTROL_ISR.c **** 
 215:Generated_Source\PSoC5/CONTROL_ISR.c ****     ramVectorTable = (cyisraddress *) *CYINT_VECT_TABLE;
  82              		.loc 1 215 0
  83 0000 014B     		ldr	r3, .L8
  84 0002 1B68     		ldr	r3, [r3]
  85              	.LVL4:
 216:Generated_Source\PSoC5/CONTROL_ISR.c **** 
 217:Generated_Source\PSoC5/CONTROL_ISR.c ****     ramVectorTable[CYINT_IRQ_BASE + (uint32)CONTROL_ISR__INTC_NUMBER] = address;
  86              		.loc 1 217 0
  87 0004 D865     		str	r0, [r3, #92]
  88 0006 7047     		bx	lr
  89              	.L9:
  90              		.align	2
  91              	.L8:
  92 0008 08ED00E0 		.word	-536810232
  93              		.cfi_endproc
  94              	.LFE4:
  95              		.size	CONTROL_ISR_SetVector, .-CONTROL_ISR_SetVector
  96              		.section	.text.CONTROL_ISR_GetVector,"ax",%progbits
  97              		.align	2
  98              		.global	CONTROL_ISR_GetVector
  99              		.thumb
 100              		.thumb_func
 101              		.type	CONTROL_ISR_GetVector, %function
 102              	CONTROL_ISR_GetVector:
 103              	.LFB5:
 218:Generated_Source\PSoC5/CONTROL_ISR.c **** }
 219:Generated_Source\PSoC5/CONTROL_ISR.c **** 
 220:Generated_Source\PSoC5/CONTROL_ISR.c **** 
 221:Generated_Source\PSoC5/CONTROL_ISR.c **** /*******************************************************************************
 222:Generated_Source\PSoC5/CONTROL_ISR.c **** * Function Name: CONTROL_ISR_GetVector
 223:Generated_Source\PSoC5/CONTROL_ISR.c **** ********************************************************************************
 224:Generated_Source\PSoC5/CONTROL_ISR.c **** *
 225:Generated_Source\PSoC5/CONTROL_ISR.c **** * Summary:
 226:Generated_Source\PSoC5/CONTROL_ISR.c **** *   Gets the "address" of the current ISR vector for the Interrupt.
 227:Generated_Source\PSoC5/CONTROL_ISR.c **** *
 228:Generated_Source\PSoC5/CONTROL_ISR.c **** * Parameters:
 229:Generated_Source\PSoC5/CONTROL_ISR.c **** *   None
 230:Generated_Source\PSoC5/CONTROL_ISR.c **** *
 231:Generated_Source\PSoC5/CONTROL_ISR.c **** * Return:
 232:Generated_Source\PSoC5/CONTROL_ISR.c **** *   Address of the ISR in the interrupt vector table.
 233:Generated_Source\PSoC5/CONTROL_ISR.c **** *
 234:Generated_Source\PSoC5/CONTROL_ISR.c **** *******************************************************************************/
 235:Generated_Source\PSoC5/CONTROL_ISR.c **** cyisraddress CONTROL_ISR_GetVector(void)
 236:Generated_Source\PSoC5/CONTROL_ISR.c **** {
 104              		.loc 1 236 0
 105              		.cfi_startproc
 106              		@ args = 0, pretend = 0, frame = 0
ARM GAS  C:\Users\danza\AppData\Local\Temp\ccaAn6x2.s 			page 7


 107              		@ frame_needed = 0, uses_anonymous_args = 0
 108              		@ link register save eliminated.
 237:Generated_Source\PSoC5/CONTROL_ISR.c ****     cyisraddress * ramVectorTable;
 238:Generated_Source\PSoC5/CONTROL_ISR.c **** 
 239:Generated_Source\PSoC5/CONTROL_ISR.c ****     ramVectorTable = (cyisraddress *) *CYINT_VECT_TABLE;
 109              		.loc 1 239 0
 110 0000 014B     		ldr	r3, .L11
 111 0002 1B68     		ldr	r3, [r3]
 112              	.LVL5:
 240:Generated_Source\PSoC5/CONTROL_ISR.c **** 
 241:Generated_Source\PSoC5/CONTROL_ISR.c ****     return ramVectorTable[CYINT_IRQ_BASE + (uint32)CONTROL_ISR__INTC_NUMBER];
 242:Generated_Source\PSoC5/CONTROL_ISR.c **** }
 113              		.loc 1 242 0
 114 0004 D86D     		ldr	r0, [r3, #92]
 115 0006 7047     		bx	lr
 116              	.L12:
 117              		.align	2
 118              	.L11:
 119 0008 08ED00E0 		.word	-536810232
 120              		.cfi_endproc
 121              	.LFE5:
 122              		.size	CONTROL_ISR_GetVector, .-CONTROL_ISR_GetVector
 123              		.section	.text.CONTROL_ISR_SetPriority,"ax",%progbits
 124              		.align	2
 125              		.global	CONTROL_ISR_SetPriority
 126              		.thumb
 127              		.thumb_func
 128              		.type	CONTROL_ISR_SetPriority, %function
 129              	CONTROL_ISR_SetPriority:
 130              	.LFB6:
 243:Generated_Source\PSoC5/CONTROL_ISR.c **** 
 244:Generated_Source\PSoC5/CONTROL_ISR.c **** 
 245:Generated_Source\PSoC5/CONTROL_ISR.c **** /*******************************************************************************
 246:Generated_Source\PSoC5/CONTROL_ISR.c **** * Function Name: CONTROL_ISR_SetPriority
 247:Generated_Source\PSoC5/CONTROL_ISR.c **** ********************************************************************************
 248:Generated_Source\PSoC5/CONTROL_ISR.c **** *
 249:Generated_Source\PSoC5/CONTROL_ISR.c **** * Summary:
 250:Generated_Source\PSoC5/CONTROL_ISR.c **** *   Sets the Priority of the Interrupt. 
 251:Generated_Source\PSoC5/CONTROL_ISR.c **** *
 252:Generated_Source\PSoC5/CONTROL_ISR.c **** *   Note calling CONTROL_ISR_Start or CONTROL_ISR_StartEx will 
 253:Generated_Source\PSoC5/CONTROL_ISR.c **** *   override any effect this API would have had. This API should only be called
 254:Generated_Source\PSoC5/CONTROL_ISR.c **** *   after CONTROL_ISR_Start or CONTROL_ISR_StartEx has been called. 
 255:Generated_Source\PSoC5/CONTROL_ISR.c **** *   To set the initial priority for the component, use the Design-Wide Resources
 256:Generated_Source\PSoC5/CONTROL_ISR.c **** *   Interrupt Editor.
 257:Generated_Source\PSoC5/CONTROL_ISR.c **** *
 258:Generated_Source\PSoC5/CONTROL_ISR.c **** *   Note This API has no effect on Non-maskable interrupt NMI).
 259:Generated_Source\PSoC5/CONTROL_ISR.c **** *
 260:Generated_Source\PSoC5/CONTROL_ISR.c **** * Parameters:
 261:Generated_Source\PSoC5/CONTROL_ISR.c **** *   priority: Priority of the interrupt, 0 being the highest priority
 262:Generated_Source\PSoC5/CONTROL_ISR.c **** *             PSoC 3 and PSoC 5LP: Priority is from 0 to 7.
 263:Generated_Source\PSoC5/CONTROL_ISR.c **** *             PSoC 4: Priority is from 0 to 3.
 264:Generated_Source\PSoC5/CONTROL_ISR.c **** *
 265:Generated_Source\PSoC5/CONTROL_ISR.c **** * Return:
 266:Generated_Source\PSoC5/CONTROL_ISR.c **** *   None
 267:Generated_Source\PSoC5/CONTROL_ISR.c **** *
 268:Generated_Source\PSoC5/CONTROL_ISR.c **** *******************************************************************************/
 269:Generated_Source\PSoC5/CONTROL_ISR.c **** void CONTROL_ISR_SetPriority(uint8 priority)
ARM GAS  C:\Users\danza\AppData\Local\Temp\ccaAn6x2.s 			page 8


 270:Generated_Source\PSoC5/CONTROL_ISR.c **** {
 131              		.loc 1 270 0
 132              		.cfi_startproc
 133              		@ args = 0, pretend = 0, frame = 0
 134              		@ frame_needed = 0, uses_anonymous_args = 0
 135              		@ link register save eliminated.
 136              	.LVL6:
 271:Generated_Source\PSoC5/CONTROL_ISR.c ****     *CONTROL_ISR_INTC_PRIOR = priority << 5;
 137              		.loc 1 271 0
 138 0000 4001     		lsls	r0, r0, #5
 139              	.LVL7:
 140 0002 C0B2     		uxtb	r0, r0
 141 0004 014B     		ldr	r3, .L14
 142 0006 1870     		strb	r0, [r3]
 143 0008 7047     		bx	lr
 144              	.L15:
 145 000a 00BF     		.align	2
 146              	.L14:
 147 000c 07E400E0 		.word	-536812537
 148              		.cfi_endproc
 149              	.LFE6:
 150              		.size	CONTROL_ISR_SetPriority, .-CONTROL_ISR_SetPriority
 151              		.section	.text.CONTROL_ISR_GetPriority,"ax",%progbits
 152              		.align	2
 153              		.global	CONTROL_ISR_GetPriority
 154              		.thumb
 155              		.thumb_func
 156              		.type	CONTROL_ISR_GetPriority, %function
 157              	CONTROL_ISR_GetPriority:
 158              	.LFB7:
 272:Generated_Source\PSoC5/CONTROL_ISR.c **** }
 273:Generated_Source\PSoC5/CONTROL_ISR.c **** 
 274:Generated_Source\PSoC5/CONTROL_ISR.c **** 
 275:Generated_Source\PSoC5/CONTROL_ISR.c **** /*******************************************************************************
 276:Generated_Source\PSoC5/CONTROL_ISR.c **** * Function Name: CONTROL_ISR_GetPriority
 277:Generated_Source\PSoC5/CONTROL_ISR.c **** ********************************************************************************
 278:Generated_Source\PSoC5/CONTROL_ISR.c **** *
 279:Generated_Source\PSoC5/CONTROL_ISR.c **** * Summary:
 280:Generated_Source\PSoC5/CONTROL_ISR.c **** *   Gets the Priority of the Interrupt.
 281:Generated_Source\PSoC5/CONTROL_ISR.c **** *
 282:Generated_Source\PSoC5/CONTROL_ISR.c **** * Parameters:
 283:Generated_Source\PSoC5/CONTROL_ISR.c **** *   None
 284:Generated_Source\PSoC5/CONTROL_ISR.c **** *
 285:Generated_Source\PSoC5/CONTROL_ISR.c **** * Return:
 286:Generated_Source\PSoC5/CONTROL_ISR.c **** *   Priority of the interrupt, 0 being the highest priority
 287:Generated_Source\PSoC5/CONTROL_ISR.c **** *    PSoC 3 and PSoC 5LP: Priority is from 0 to 7.
 288:Generated_Source\PSoC5/CONTROL_ISR.c **** *    PSoC 4: Priority is from 0 to 3.
 289:Generated_Source\PSoC5/CONTROL_ISR.c **** *
 290:Generated_Source\PSoC5/CONTROL_ISR.c **** *******************************************************************************/
 291:Generated_Source\PSoC5/CONTROL_ISR.c **** uint8 CONTROL_ISR_GetPriority(void)
 292:Generated_Source\PSoC5/CONTROL_ISR.c **** {
 159              		.loc 1 292 0
 160              		.cfi_startproc
 161              		@ args = 0, pretend = 0, frame = 0
 162              		@ frame_needed = 0, uses_anonymous_args = 0
 163              		@ link register save eliminated.
 293:Generated_Source\PSoC5/CONTROL_ISR.c ****     uint8 priority;
ARM GAS  C:\Users\danza\AppData\Local\Temp\ccaAn6x2.s 			page 9


 294:Generated_Source\PSoC5/CONTROL_ISR.c **** 
 295:Generated_Source\PSoC5/CONTROL_ISR.c **** 
 296:Generated_Source\PSoC5/CONTROL_ISR.c ****     priority = *CONTROL_ISR_INTC_PRIOR >> 5;
 164              		.loc 1 296 0
 165 0000 014B     		ldr	r3, .L17
 166 0002 1878     		ldrb	r0, [r3]	@ zero_extendqisi2
 167              	.LVL8:
 297:Generated_Source\PSoC5/CONTROL_ISR.c **** 
 298:Generated_Source\PSoC5/CONTROL_ISR.c ****     return priority;
 299:Generated_Source\PSoC5/CONTROL_ISR.c **** }
 168              		.loc 1 299 0
 169 0004 4009     		lsrs	r0, r0, #5
 170              	.LVL9:
 171 0006 7047     		bx	lr
 172              	.L18:
 173              		.align	2
 174              	.L17:
 175 0008 07E400E0 		.word	-536812537
 176              		.cfi_endproc
 177              	.LFE7:
 178              		.size	CONTROL_ISR_GetPriority, .-CONTROL_ISR_GetPriority
 179              		.section	.text.CONTROL_ISR_Enable,"ax",%progbits
 180              		.align	2
 181              		.global	CONTROL_ISR_Enable
 182              		.thumb
 183              		.thumb_func
 184              		.type	CONTROL_ISR_Enable, %function
 185              	CONTROL_ISR_Enable:
 186              	.LFB8:
 300:Generated_Source\PSoC5/CONTROL_ISR.c **** 
 301:Generated_Source\PSoC5/CONTROL_ISR.c **** 
 302:Generated_Source\PSoC5/CONTROL_ISR.c **** /*******************************************************************************
 303:Generated_Source\PSoC5/CONTROL_ISR.c **** * Function Name: CONTROL_ISR_Enable
 304:Generated_Source\PSoC5/CONTROL_ISR.c **** ********************************************************************************
 305:Generated_Source\PSoC5/CONTROL_ISR.c **** *
 306:Generated_Source\PSoC5/CONTROL_ISR.c **** * Summary:
 307:Generated_Source\PSoC5/CONTROL_ISR.c **** *   Enables the interrupt to the interrupt controller. Do not call this function
 308:Generated_Source\PSoC5/CONTROL_ISR.c **** *   unless ISR_Start() has been called or the functionality of the ISR_Start() 
 309:Generated_Source\PSoC5/CONTROL_ISR.c **** *   function, which sets the vector and the priority, has been called.
 310:Generated_Source\PSoC5/CONTROL_ISR.c **** *
 311:Generated_Source\PSoC5/CONTROL_ISR.c **** * Parameters:
 312:Generated_Source\PSoC5/CONTROL_ISR.c **** *   None
 313:Generated_Source\PSoC5/CONTROL_ISR.c **** *
 314:Generated_Source\PSoC5/CONTROL_ISR.c **** * Return:
 315:Generated_Source\PSoC5/CONTROL_ISR.c **** *   None
 316:Generated_Source\PSoC5/CONTROL_ISR.c **** *
 317:Generated_Source\PSoC5/CONTROL_ISR.c **** *******************************************************************************/
 318:Generated_Source\PSoC5/CONTROL_ISR.c **** void CONTROL_ISR_Enable(void)
 319:Generated_Source\PSoC5/CONTROL_ISR.c **** {
 187              		.loc 1 319 0
 188              		.cfi_startproc
 189              		@ args = 0, pretend = 0, frame = 0
 190              		@ frame_needed = 0, uses_anonymous_args = 0
 191              		@ link register save eliminated.
 320:Generated_Source\PSoC5/CONTROL_ISR.c ****     /* Enable the general interrupt. */
 321:Generated_Source\PSoC5/CONTROL_ISR.c ****     *CONTROL_ISR_INTC_SET_EN = CONTROL_ISR__INTC_MASK;
 192              		.loc 1 321 0
ARM GAS  C:\Users\danza\AppData\Local\Temp\ccaAn6x2.s 			page 10


 193 0000 8022     		movs	r2, #128
 194 0002 014B     		ldr	r3, .L20
 195 0004 1A60     		str	r2, [r3]
 196 0006 7047     		bx	lr
 197              	.L21:
 198              		.align	2
 199              	.L20:
 200 0008 00E100E0 		.word	-536813312
 201              		.cfi_endproc
 202              	.LFE8:
 203              		.size	CONTROL_ISR_Enable, .-CONTROL_ISR_Enable
 204              		.section	.text.CONTROL_ISR_GetState,"ax",%progbits
 205              		.align	2
 206              		.global	CONTROL_ISR_GetState
 207              		.thumb
 208              		.thumb_func
 209              		.type	CONTROL_ISR_GetState, %function
 210              	CONTROL_ISR_GetState:
 211              	.LFB9:
 322:Generated_Source\PSoC5/CONTROL_ISR.c **** }
 323:Generated_Source\PSoC5/CONTROL_ISR.c **** 
 324:Generated_Source\PSoC5/CONTROL_ISR.c **** 
 325:Generated_Source\PSoC5/CONTROL_ISR.c **** /*******************************************************************************
 326:Generated_Source\PSoC5/CONTROL_ISR.c **** * Function Name: CONTROL_ISR_GetState
 327:Generated_Source\PSoC5/CONTROL_ISR.c **** ********************************************************************************
 328:Generated_Source\PSoC5/CONTROL_ISR.c **** *
 329:Generated_Source\PSoC5/CONTROL_ISR.c **** * Summary:
 330:Generated_Source\PSoC5/CONTROL_ISR.c **** *   Gets the state (enabled, disabled) of the Interrupt.
 331:Generated_Source\PSoC5/CONTROL_ISR.c **** *
 332:Generated_Source\PSoC5/CONTROL_ISR.c **** * Parameters:
 333:Generated_Source\PSoC5/CONTROL_ISR.c **** *   None
 334:Generated_Source\PSoC5/CONTROL_ISR.c **** *
 335:Generated_Source\PSoC5/CONTROL_ISR.c **** * Return:
 336:Generated_Source\PSoC5/CONTROL_ISR.c **** *   1 if enabled, 0 if disabled.
 337:Generated_Source\PSoC5/CONTROL_ISR.c **** *
 338:Generated_Source\PSoC5/CONTROL_ISR.c **** *******************************************************************************/
 339:Generated_Source\PSoC5/CONTROL_ISR.c **** uint8 CONTROL_ISR_GetState(void)
 340:Generated_Source\PSoC5/CONTROL_ISR.c **** {
 212              		.loc 1 340 0
 213              		.cfi_startproc
 214              		@ args = 0, pretend = 0, frame = 0
 215              		@ frame_needed = 0, uses_anonymous_args = 0
 216              		@ link register save eliminated.
 341:Generated_Source\PSoC5/CONTROL_ISR.c ****     /* Get the state of the general interrupt. */
 342:Generated_Source\PSoC5/CONTROL_ISR.c ****     return ((*CONTROL_ISR_INTC_SET_EN & (uint32)CONTROL_ISR__INTC_MASK) != 0u) ? 1u:0u;
 217              		.loc 1 342 0
 218 0000 044B     		ldr	r3, .L25
 219 0002 1B68     		ldr	r3, [r3]
 220 0004 13F0800F 		tst	r3, #128
 221 0008 01D0     		beq	.L24
 222 000a 0120     		movs	r0, #1
 223 000c 7047     		bx	lr
 224              	.L24:
 225 000e 0020     		movs	r0, #0
 343:Generated_Source\PSoC5/CONTROL_ISR.c **** }
 226              		.loc 1 343 0
 227 0010 7047     		bx	lr
ARM GAS  C:\Users\danza\AppData\Local\Temp\ccaAn6x2.s 			page 11


 228              	.L26:
 229 0012 00BF     		.align	2
 230              	.L25:
 231 0014 00E100E0 		.word	-536813312
 232              		.cfi_endproc
 233              	.LFE9:
 234              		.size	CONTROL_ISR_GetState, .-CONTROL_ISR_GetState
 235              		.section	.text.CONTROL_ISR_Disable,"ax",%progbits
 236              		.align	2
 237              		.global	CONTROL_ISR_Disable
 238              		.thumb
 239              		.thumb_func
 240              		.type	CONTROL_ISR_Disable, %function
 241              	CONTROL_ISR_Disable:
 242              	.LFB10:
 344:Generated_Source\PSoC5/CONTROL_ISR.c **** 
 345:Generated_Source\PSoC5/CONTROL_ISR.c **** 
 346:Generated_Source\PSoC5/CONTROL_ISR.c **** /*******************************************************************************
 347:Generated_Source\PSoC5/CONTROL_ISR.c **** * Function Name: CONTROL_ISR_Disable
 348:Generated_Source\PSoC5/CONTROL_ISR.c **** ********************************************************************************
 349:Generated_Source\PSoC5/CONTROL_ISR.c **** *
 350:Generated_Source\PSoC5/CONTROL_ISR.c **** * Summary:
 351:Generated_Source\PSoC5/CONTROL_ISR.c **** *   Disables the Interrupt in the interrupt controller.
 352:Generated_Source\PSoC5/CONTROL_ISR.c **** *
 353:Generated_Source\PSoC5/CONTROL_ISR.c **** * Parameters:
 354:Generated_Source\PSoC5/CONTROL_ISR.c **** *   None
 355:Generated_Source\PSoC5/CONTROL_ISR.c **** *
 356:Generated_Source\PSoC5/CONTROL_ISR.c **** * Return:
 357:Generated_Source\PSoC5/CONTROL_ISR.c **** *   None
 358:Generated_Source\PSoC5/CONTROL_ISR.c **** *
 359:Generated_Source\PSoC5/CONTROL_ISR.c **** *******************************************************************************/
 360:Generated_Source\PSoC5/CONTROL_ISR.c **** void CONTROL_ISR_Disable(void)
 361:Generated_Source\PSoC5/CONTROL_ISR.c **** {
 243              		.loc 1 361 0
 244              		.cfi_startproc
 245              		@ args = 0, pretend = 0, frame = 0
 246              		@ frame_needed = 0, uses_anonymous_args = 0
 247              		@ link register save eliminated.
 362:Generated_Source\PSoC5/CONTROL_ISR.c ****     /* Disable the general interrupt. */
 363:Generated_Source\PSoC5/CONTROL_ISR.c ****     *CONTROL_ISR_INTC_CLR_EN = CONTROL_ISR__INTC_MASK;
 248              		.loc 1 363 0
 249 0000 8022     		movs	r2, #128
 250 0002 014B     		ldr	r3, .L28
 251 0004 1A60     		str	r2, [r3]
 252 0006 7047     		bx	lr
 253              	.L29:
 254              		.align	2
 255              	.L28:
 256 0008 80E100E0 		.word	-536813184
 257              		.cfi_endproc
 258              	.LFE10:
 259              		.size	CONTROL_ISR_Disable, .-CONTROL_ISR_Disable
 260              		.section	.text.CONTROL_ISR_Start,"ax",%progbits
 261              		.align	2
 262              		.global	CONTROL_ISR_Start
 263              		.thumb
 264              		.thumb_func
ARM GAS  C:\Users\danza\AppData\Local\Temp\ccaAn6x2.s 			page 12


 265              		.type	CONTROL_ISR_Start, %function
 266              	CONTROL_ISR_Start:
 267              	.LFB0:
  65:Generated_Source\PSoC5/CONTROL_ISR.c ****     /* For all we know the interrupt is active. */
 268              		.loc 1 65 0
 269              		.cfi_startproc
 270              		@ args = 0, pretend = 0, frame = 0
 271              		@ frame_needed = 0, uses_anonymous_args = 0
 272 0000 08B5     		push	{r3, lr}
 273              		.cfi_def_cfa_offset 8
 274              		.cfi_offset 3, -8
 275              		.cfi_offset 14, -4
  67:Generated_Source\PSoC5/CONTROL_ISR.c **** 
 276              		.loc 1 67 0
 277 0002 FFF7FEFF 		bl	CONTROL_ISR_Disable
 278              	.LVL10:
  70:Generated_Source\PSoC5/CONTROL_ISR.c **** 
 279              		.loc 1 70 0
 280 0006 0448     		ldr	r0, .L32
 281 0008 FFF7FEFF 		bl	CONTROL_ISR_SetVector
 282              	.LVL11:
  73:Generated_Source\PSoC5/CONTROL_ISR.c **** 
 283              		.loc 1 73 0
 284 000c 0720     		movs	r0, #7
 285 000e FFF7FEFF 		bl	CONTROL_ISR_SetPriority
 286              	.LVL12:
  76:Generated_Source\PSoC5/CONTROL_ISR.c **** }
 287              		.loc 1 76 0
 288 0012 FFF7FEFF 		bl	CONTROL_ISR_Enable
 289              	.LVL13:
 290 0016 08BD     		pop	{r3, pc}
 291              	.L33:
 292              		.align	2
 293              	.L32:
 294 0018 00000000 		.word	CONTROL_ISR_Interrupt
 295              		.cfi_endproc
 296              	.LFE0:
 297              		.size	CONTROL_ISR_Start, .-CONTROL_ISR_Start
 298              		.section	.text.CONTROL_ISR_StartEx,"ax",%progbits
 299              		.align	2
 300              		.global	CONTROL_ISR_StartEx
 301              		.thumb
 302              		.thumb_func
 303              		.type	CONTROL_ISR_StartEx, %function
 304              	CONTROL_ISR_StartEx:
 305              	.LFB1:
 108:Generated_Source\PSoC5/CONTROL_ISR.c ****     /* For all we know the interrupt is active. */
 306              		.loc 1 108 0
 307              		.cfi_startproc
 308              		@ args = 0, pretend = 0, frame = 0
 309              		@ frame_needed = 0, uses_anonymous_args = 0
 310              	.LVL14:
 311 0000 10B5     		push	{r4, lr}
 312              		.cfi_def_cfa_offset 8
 313              		.cfi_offset 4, -8
 314              		.cfi_offset 14, -4
 315 0002 0446     		mov	r4, r0
ARM GAS  C:\Users\danza\AppData\Local\Temp\ccaAn6x2.s 			page 13


 110:Generated_Source\PSoC5/CONTROL_ISR.c **** 
 316              		.loc 1 110 0
 317 0004 FFF7FEFF 		bl	CONTROL_ISR_Disable
 318              	.LVL15:
 113:Generated_Source\PSoC5/CONTROL_ISR.c **** 
 319              		.loc 1 113 0
 320 0008 2046     		mov	r0, r4
 321 000a FFF7FEFF 		bl	CONTROL_ISR_SetVector
 322              	.LVL16:
 116:Generated_Source\PSoC5/CONTROL_ISR.c **** 
 323              		.loc 1 116 0
 324 000e 0720     		movs	r0, #7
 325 0010 FFF7FEFF 		bl	CONTROL_ISR_SetPriority
 326              	.LVL17:
 119:Generated_Source\PSoC5/CONTROL_ISR.c **** }
 327              		.loc 1 119 0
 328 0014 FFF7FEFF 		bl	CONTROL_ISR_Enable
 329              	.LVL18:
 330 0018 10BD     		pop	{r4, pc}
 331              		.cfi_endproc
 332              	.LFE1:
 333              		.size	CONTROL_ISR_StartEx, .-CONTROL_ISR_StartEx
 334 001a 00BF     		.section	.text.CONTROL_ISR_Stop,"ax",%progbits
 335              		.align	2
 336              		.global	CONTROL_ISR_Stop
 337              		.thumb
 338              		.thumb_func
 339              		.type	CONTROL_ISR_Stop, %function
 340              	CONTROL_ISR_Stop:
 341              	.LFB2:
 138:Generated_Source\PSoC5/CONTROL_ISR.c ****     /* Disable this interrupt. */
 342              		.loc 1 138 0
 343              		.cfi_startproc
 344              		@ args = 0, pretend = 0, frame = 0
 345              		@ frame_needed = 0, uses_anonymous_args = 0
 346 0000 08B5     		push	{r3, lr}
 347              		.cfi_def_cfa_offset 8
 348              		.cfi_offset 3, -8
 349              		.cfi_offset 14, -4
 140:Generated_Source\PSoC5/CONTROL_ISR.c **** 
 350              		.loc 1 140 0
 351 0002 FFF7FEFF 		bl	CONTROL_ISR_Disable
 352              	.LVL19:
 143:Generated_Source\PSoC5/CONTROL_ISR.c **** }
 353              		.loc 1 143 0
 354 0006 0248     		ldr	r0, .L38
 355 0008 FFF7FEFF 		bl	CONTROL_ISR_SetVector
 356              	.LVL20:
 357 000c 08BD     		pop	{r3, pc}
 358              	.L39:
 359 000e 00BF     		.align	2
 360              	.L38:
 361 0010 00000000 		.word	IntDefaultHandler
 362              		.cfi_endproc
 363              	.LFE2:
 364              		.size	CONTROL_ISR_Stop, .-CONTROL_ISR_Stop
 365              		.section	.text.CONTROL_ISR_SetPending,"ax",%progbits
ARM GAS  C:\Users\danza\AppData\Local\Temp\ccaAn6x2.s 			page 14


 366              		.align	2
 367              		.global	CONTROL_ISR_SetPending
 368              		.thumb
 369              		.thumb_func
 370              		.type	CONTROL_ISR_SetPending, %function
 371              	CONTROL_ISR_SetPending:
 372              	.LFB11:
 364:Generated_Source\PSoC5/CONTROL_ISR.c **** }
 365:Generated_Source\PSoC5/CONTROL_ISR.c **** 
 366:Generated_Source\PSoC5/CONTROL_ISR.c **** 
 367:Generated_Source\PSoC5/CONTROL_ISR.c **** /*******************************************************************************
 368:Generated_Source\PSoC5/CONTROL_ISR.c **** * Function Name: CONTROL_ISR_SetPending
 369:Generated_Source\PSoC5/CONTROL_ISR.c **** ********************************************************************************
 370:Generated_Source\PSoC5/CONTROL_ISR.c **** *
 371:Generated_Source\PSoC5/CONTROL_ISR.c **** * Summary:
 372:Generated_Source\PSoC5/CONTROL_ISR.c **** *   Causes the Interrupt to enter the pending state, a software method of
 373:Generated_Source\PSoC5/CONTROL_ISR.c **** *   generating the interrupt.
 374:Generated_Source\PSoC5/CONTROL_ISR.c **** *
 375:Generated_Source\PSoC5/CONTROL_ISR.c **** * Parameters:
 376:Generated_Source\PSoC5/CONTROL_ISR.c **** *   None
 377:Generated_Source\PSoC5/CONTROL_ISR.c **** *
 378:Generated_Source\PSoC5/CONTROL_ISR.c **** * Return:
 379:Generated_Source\PSoC5/CONTROL_ISR.c **** *   None
 380:Generated_Source\PSoC5/CONTROL_ISR.c **** *
 381:Generated_Source\PSoC5/CONTROL_ISR.c **** * Side Effects:
 382:Generated_Source\PSoC5/CONTROL_ISR.c **** *   If interrupts are enabled and the interrupt is set up properly, the ISR is
 383:Generated_Source\PSoC5/CONTROL_ISR.c **** *   entered (depending on the priority of this interrupt and other pending 
 384:Generated_Source\PSoC5/CONTROL_ISR.c **** *   interrupts).
 385:Generated_Source\PSoC5/CONTROL_ISR.c **** *
 386:Generated_Source\PSoC5/CONTROL_ISR.c **** *******************************************************************************/
 387:Generated_Source\PSoC5/CONTROL_ISR.c **** void CONTROL_ISR_SetPending(void)
 388:Generated_Source\PSoC5/CONTROL_ISR.c **** {
 373              		.loc 1 388 0
 374              		.cfi_startproc
 375              		@ args = 0, pretend = 0, frame = 0
 376              		@ frame_needed = 0, uses_anonymous_args = 0
 377              		@ link register save eliminated.
 389:Generated_Source\PSoC5/CONTROL_ISR.c ****     *CONTROL_ISR_INTC_SET_PD = CONTROL_ISR__INTC_MASK;
 378              		.loc 1 389 0
 379 0000 8022     		movs	r2, #128
 380 0002 014B     		ldr	r3, .L41
 381 0004 1A60     		str	r2, [r3]
 382 0006 7047     		bx	lr
 383              	.L42:
 384              		.align	2
 385              	.L41:
 386 0008 00E200E0 		.word	-536813056
 387              		.cfi_endproc
 388              	.LFE11:
 389              		.size	CONTROL_ISR_SetPending, .-CONTROL_ISR_SetPending
 390              		.section	.text.CONTROL_ISR_ClearPending,"ax",%progbits
 391              		.align	2
 392              		.global	CONTROL_ISR_ClearPending
 393              		.thumb
 394              		.thumb_func
 395              		.type	CONTROL_ISR_ClearPending, %function
 396              	CONTROL_ISR_ClearPending:
ARM GAS  C:\Users\danza\AppData\Local\Temp\ccaAn6x2.s 			page 15


 397              	.LFB12:
 390:Generated_Source\PSoC5/CONTROL_ISR.c **** }
 391:Generated_Source\PSoC5/CONTROL_ISR.c **** 
 392:Generated_Source\PSoC5/CONTROL_ISR.c **** 
 393:Generated_Source\PSoC5/CONTROL_ISR.c **** /*******************************************************************************
 394:Generated_Source\PSoC5/CONTROL_ISR.c **** * Function Name: CONTROL_ISR_ClearPending
 395:Generated_Source\PSoC5/CONTROL_ISR.c **** ********************************************************************************
 396:Generated_Source\PSoC5/CONTROL_ISR.c **** *
 397:Generated_Source\PSoC5/CONTROL_ISR.c **** * Summary:
 398:Generated_Source\PSoC5/CONTROL_ISR.c **** *   Clears a pending interrupt in the interrupt controller.
 399:Generated_Source\PSoC5/CONTROL_ISR.c **** *
 400:Generated_Source\PSoC5/CONTROL_ISR.c **** *   Note Some interrupt sources are clear-on-read and require the block 
 401:Generated_Source\PSoC5/CONTROL_ISR.c **** *   interrupt/status register to be read/cleared with the appropriate block API 
 402:Generated_Source\PSoC5/CONTROL_ISR.c **** *   (GPIO, UART, and so on). Otherwise the ISR will continue to remain in 
 403:Generated_Source\PSoC5/CONTROL_ISR.c **** *   pending state even though the interrupt itself is cleared using this API.
 404:Generated_Source\PSoC5/CONTROL_ISR.c **** *
 405:Generated_Source\PSoC5/CONTROL_ISR.c **** * Parameters:
 406:Generated_Source\PSoC5/CONTROL_ISR.c **** *   None
 407:Generated_Source\PSoC5/CONTROL_ISR.c **** *
 408:Generated_Source\PSoC5/CONTROL_ISR.c **** * Return:
 409:Generated_Source\PSoC5/CONTROL_ISR.c **** *   None
 410:Generated_Source\PSoC5/CONTROL_ISR.c **** *
 411:Generated_Source\PSoC5/CONTROL_ISR.c **** *******************************************************************************/
 412:Generated_Source\PSoC5/CONTROL_ISR.c **** void CONTROL_ISR_ClearPending(void)
 413:Generated_Source\PSoC5/CONTROL_ISR.c **** {
 398              		.loc 1 413 0
 399              		.cfi_startproc
 400              		@ args = 0, pretend = 0, frame = 0
 401              		@ frame_needed = 0, uses_anonymous_args = 0
 402              		@ link register save eliminated.
 414:Generated_Source\PSoC5/CONTROL_ISR.c ****     *CONTROL_ISR_INTC_CLR_PD = CONTROL_ISR__INTC_MASK;
 403              		.loc 1 414 0
 404 0000 8022     		movs	r2, #128
 405 0002 014B     		ldr	r3, .L44
 406 0004 1A60     		str	r2, [r3]
 407 0006 7047     		bx	lr
 408              	.L45:
 409              		.align	2
 410              	.L44:
 411 0008 80E200E0 		.word	-536812928
 412              		.cfi_endproc
 413              	.LFE12:
 414              		.size	CONTROL_ISR_ClearPending, .-CONTROL_ISR_ClearPending
 415              		.text
 416              	.Letext0:
 417              		.file 2 "Generated_Source\\PSoC5/cytypes.h"
 418              		.file 3 "Generated_Source\\PSoC5\\Control.h"
 419              		.section	.debug_info,"",%progbits
 420              	.Ldebug_info0:
 421 0000 14030000 		.4byte	0x314
 422 0004 0400     		.2byte	0x4
 423 0006 00000000 		.4byte	.Ldebug_abbrev0
 424 000a 04       		.byte	0x4
 425 000b 01       		.uleb128 0x1
 426 000c C0000000 		.4byte	.LASF36
 427 0010 0C       		.byte	0xc
 428 0011 EF020000 		.4byte	.LASF37
ARM GAS  C:\Users\danza\AppData\Local\Temp\ccaAn6x2.s 			page 16


 429 0015 87000000 		.4byte	.LASF38
 430 0019 00000000 		.4byte	.Ldebug_ranges0+0
 431 001d 00000000 		.4byte	0
 432 0021 00000000 		.4byte	.Ldebug_line0
 433 0025 02       		.uleb128 0x2
 434 0026 04       		.byte	0x4
 435 0027 05       		.byte	0x5
 436 0028 696E7400 		.ascii	"int\000"
 437 002c 03       		.uleb128 0x3
 438 002d 04       		.byte	0x4
 439 002e 07       		.byte	0x7
 440 002f E5010000 		.4byte	.LASF0
 441 0033 03       		.uleb128 0x3
 442 0034 08       		.byte	0x8
 443 0035 05       		.byte	0x5
 444 0036 52020000 		.4byte	.LASF1
 445 003a 03       		.uleb128 0x3
 446 003b 08       		.byte	0x8
 447 003c 04       		.byte	0x4
 448 003d AD020000 		.4byte	.LASF2
 449 0041 03       		.uleb128 0x3
 450 0042 01       		.byte	0x1
 451 0043 06       		.byte	0x6
 452 0044 B9020000 		.4byte	.LASF3
 453 0048 03       		.uleb128 0x3
 454 0049 01       		.byte	0x1
 455 004a 08       		.byte	0x8
 456 004b B2000000 		.4byte	.LASF4
 457 004f 03       		.uleb128 0x3
 458 0050 02       		.byte	0x2
 459 0051 05       		.byte	0x5
 460 0052 83020000 		.4byte	.LASF5
 461 0056 03       		.uleb128 0x3
 462 0057 02       		.byte	0x2
 463 0058 07       		.byte	0x7
 464 0059 1E000000 		.4byte	.LASF6
 465 005d 03       		.uleb128 0x3
 466 005e 04       		.byte	0x4
 467 005f 05       		.byte	0x5
 468 0060 9F020000 		.4byte	.LASF7
 469 0064 03       		.uleb128 0x3
 470 0065 04       		.byte	0x4
 471 0066 07       		.byte	0x7
 472 0067 66010000 		.4byte	.LASF8
 473 006b 03       		.uleb128 0x3
 474 006c 08       		.byte	0x8
 475 006d 07       		.byte	0x7
 476 006e 11020000 		.4byte	.LASF9
 477 0072 03       		.uleb128 0x3
 478 0073 04       		.byte	0x4
 479 0074 07       		.byte	0x7
 480 0075 49020000 		.4byte	.LASF10
 481 0079 03       		.uleb128 0x3
 482 007a 01       		.byte	0x1
 483 007b 08       		.byte	0x8
 484 007c A8020000 		.4byte	.LASF11
 485 0080 04       		.uleb128 0x4
ARM GAS  C:\Users\danza\AppData\Local\Temp\ccaAn6x2.s 			page 17


 486 0081 04       		.byte	0x4
 487 0082 86000000 		.4byte	0x86
 488 0086 05       		.uleb128 0x5
 489 0087 06       		.uleb128 0x6
 490 0088 78010000 		.4byte	.LASF12
 491 008c 02       		.byte	0x2
 492 008d E401     		.2byte	0x1e4
 493 008f 48000000 		.4byte	0x48
 494 0093 06       		.uleb128 0x6
 495 0094 D1010000 		.4byte	.LASF13
 496 0098 02       		.byte	0x2
 497 0099 E601     		.2byte	0x1e6
 498 009b 64000000 		.4byte	0x64
 499 009f 03       		.uleb128 0x3
 500 00a0 04       		.byte	0x4
 501 00a1 04       		.byte	0x4
 502 00a2 81000000 		.4byte	.LASF14
 503 00a6 03       		.uleb128 0x3
 504 00a7 08       		.byte	0x8
 505 00a8 04       		.byte	0x4
 506 00a9 9C010000 		.4byte	.LASF15
 507 00ad 06       		.uleb128 0x6
 508 00ae 4E010000 		.4byte	.LASF16
 509 00b2 02       		.byte	0x2
 510 00b3 8E02     		.2byte	0x28e
 511 00b5 B9000000 		.4byte	0xb9
 512 00b9 07       		.uleb128 0x7
 513 00ba 87000000 		.4byte	0x87
 514 00be 06       		.uleb128 0x6
 515 00bf 00000000 		.4byte	.LASF17
 516 00c3 02       		.byte	0x2
 517 00c4 9002     		.2byte	0x290
 518 00c6 CA000000 		.4byte	0xca
 519 00ca 07       		.uleb128 0x7
 520 00cb 93000000 		.4byte	0x93
 521 00cf 06       		.uleb128 0x6
 522 00d0 3C020000 		.4byte	.LASF18
 523 00d4 02       		.byte	0x2
 524 00d5 A002     		.2byte	0x2a0
 525 00d7 80000000 		.4byte	0x80
 526 00db 08       		.uleb128 0x8
 527 00dc 48000000 		.4byte	.LASF19
 528 00e0 01       		.byte	0x1
 529 00e1 A3       		.byte	0xa3
 530 00e2 00000000 		.4byte	.LFB3
 531 00e6 2C000000 		.4byte	.LFE3-.LFB3
 532 00ea 01       		.uleb128 0x1
 533 00eb 9C       		.byte	0x9c
 534 00ec 0C010000 		.4byte	0x10c
 535 00f0 09       		.uleb128 0x9
 536 00f1 06000000 		.4byte	.LVL0
 537 00f5 01030000 		.4byte	0x301
 538 00f9 09       		.uleb128 0x9
 539 00fa 16000000 		.4byte	.LVL1
 540 00fe 01030000 		.4byte	0x301
 541 0102 09       		.uleb128 0x9
 542 0103 24000000 		.4byte	.LVL2
ARM GAS  C:\Users\danza\AppData\Local\Temp\ccaAn6x2.s 			page 18


 543 0107 0C030000 		.4byte	0x30c
 544 010b 00       		.byte	0
 545 010c 08       		.uleb128 0x8
 546 010d BB010000 		.4byte	.LASF20
 547 0111 01       		.byte	0x1
 548 0112 D3       		.byte	0xd3
 549 0113 00000000 		.4byte	.LFB4
 550 0117 0C000000 		.4byte	.LFE4-.LFB4
 551 011b 01       		.uleb128 0x1
 552 011c 9C       		.byte	0x9c
 553 011d 3C010000 		.4byte	0x13c
 554 0121 0A       		.uleb128 0xa
 555 0122 09020000 		.4byte	.LASF23
 556 0126 01       		.byte	0x1
 557 0127 D3       		.byte	0xd3
 558 0128 CF000000 		.4byte	0xcf
 559 012c 01       		.uleb128 0x1
 560 012d 50       		.byte	0x50
 561 012e 0B       		.uleb128 0xb
 562 012f 74020000 		.4byte	.LASF21
 563 0133 01       		.byte	0x1
 564 0134 D5       		.byte	0xd5
 565 0135 3C010000 		.4byte	0x13c
 566 0139 01       		.uleb128 0x1
 567 013a 53       		.byte	0x53
 568 013b 00       		.byte	0
 569 013c 04       		.uleb128 0x4
 570 013d 04       		.byte	0x4
 571 013e CF000000 		.4byte	0xcf
 572 0142 0C       		.uleb128 0xc
 573 0143 6B000000 		.4byte	.LASF25
 574 0147 01       		.byte	0x1
 575 0148 EB       		.byte	0xeb
 576 0149 CF000000 		.4byte	0xcf
 577 014d 00000000 		.4byte	.LFB5
 578 0151 0C000000 		.4byte	.LFE5-.LFB5
 579 0155 01       		.uleb128 0x1
 580 0156 9C       		.byte	0x9c
 581 0157 69010000 		.4byte	0x169
 582 015b 0B       		.uleb128 0xb
 583 015c 74020000 		.4byte	.LASF21
 584 0160 01       		.byte	0x1
 585 0161 ED       		.byte	0xed
 586 0162 3C010000 		.4byte	0x13c
 587 0166 01       		.uleb128 0x1
 588 0167 53       		.byte	0x53
 589 0168 00       		.byte	0
 590 0169 0D       		.uleb128 0xd
 591 016a A3010000 		.4byte	.LASF22
 592 016e 01       		.byte	0x1
 593 016f 0D01     		.2byte	0x10d
 594 0171 00000000 		.4byte	.LFB6
 595 0175 10000000 		.4byte	.LFE6-.LFB6
 596 0179 01       		.uleb128 0x1
 597 017a 9C       		.byte	0x9c
 598 017b 90010000 		.4byte	0x190
 599 017f 0E       		.uleb128 0xe
ARM GAS  C:\Users\danza\AppData\Local\Temp\ccaAn6x2.s 			page 19


 600 0180 93010000 		.4byte	.LASF24
 601 0184 01       		.byte	0x1
 602 0185 0D01     		.2byte	0x10d
 603 0187 87000000 		.4byte	0x87
 604 018b 00000000 		.4byte	.LLST0
 605 018f 00       		.byte	0
 606 0190 0F       		.uleb128 0xf
 607 0191 06000000 		.4byte	.LASF26
 608 0195 01       		.byte	0x1
 609 0196 2301     		.2byte	0x123
 610 0198 87000000 		.4byte	0x87
 611 019c 00000000 		.4byte	.LFB7
 612 01a0 0C000000 		.4byte	.LFE7-.LFB7
 613 01a4 01       		.uleb128 0x1
 614 01a5 9C       		.byte	0x9c
 615 01a6 BB010000 		.4byte	0x1bb
 616 01aa 10       		.uleb128 0x10
 617 01ab 93010000 		.4byte	.LASF24
 618 01af 01       		.byte	0x1
 619 01b0 2501     		.2byte	0x125
 620 01b2 87000000 		.4byte	0x87
 621 01b6 21000000 		.4byte	.LLST1
 622 01ba 00       		.byte	0
 623 01bb 11       		.uleb128 0x11
 624 01bc 53010000 		.4byte	.LASF27
 625 01c0 01       		.byte	0x1
 626 01c1 3E01     		.2byte	0x13e
 627 01c3 00000000 		.4byte	.LFB8
 628 01c7 0C000000 		.4byte	.LFE8-.LFB8
 629 01cb 01       		.uleb128 0x1
 630 01cc 9C       		.byte	0x9c
 631 01cd 12       		.uleb128 0x12
 632 01ce 7E010000 		.4byte	.LASF39
 633 01d2 01       		.byte	0x1
 634 01d3 5301     		.2byte	0x153
 635 01d5 87000000 		.4byte	0x87
 636 01d9 00000000 		.4byte	.LFB9
 637 01dd 18000000 		.4byte	.LFE9-.LFB9
 638 01e1 01       		.uleb128 0x1
 639 01e2 9C       		.byte	0x9c
 640 01e3 11       		.uleb128 0x11
 641 01e4 28020000 		.4byte	.LASF28
 642 01e8 01       		.byte	0x1
 643 01e9 6801     		.2byte	0x168
 644 01eb 00000000 		.4byte	.LFB10
 645 01ef 0C000000 		.4byte	.LFE10-.LFB10
 646 01f3 01       		.uleb128 0x1
 647 01f4 9C       		.byte	0x9c
 648 01f5 08       		.uleb128 0x8
 649 01f6 8D020000 		.4byte	.LASF29
 650 01fa 01       		.byte	0x1
 651 01fb 40       		.byte	0x40
 652 01fc 00000000 		.4byte	.LFB0
 653 0200 1C000000 		.4byte	.LFE0-.LFB0
 654 0204 01       		.uleb128 0x1
 655 0205 9C       		.byte	0x9c
 656 0206 47020000 		.4byte	0x247
ARM GAS  C:\Users\danza\AppData\Local\Temp\ccaAn6x2.s 			page 20


 657 020a 09       		.uleb128 0x9
 658 020b 06000000 		.4byte	.LVL10
 659 020f E3010000 		.4byte	0x1e3
 660 0213 13       		.uleb128 0x13
 661 0214 0C000000 		.4byte	.LVL11
 662 0218 0C010000 		.4byte	0x10c
 663 021c 2A020000 		.4byte	0x22a
 664 0220 14       		.uleb128 0x14
 665 0221 01       		.uleb128 0x1
 666 0222 50       		.byte	0x50
 667 0223 05       		.uleb128 0x5
 668 0224 03       		.byte	0x3
 669 0225 00000000 		.4byte	CONTROL_ISR_Interrupt
 670 0229 00       		.byte	0
 671 022a 13       		.uleb128 0x13
 672 022b 12000000 		.4byte	.LVL12
 673 022f 69010000 		.4byte	0x169
 674 0233 3D020000 		.4byte	0x23d
 675 0237 14       		.uleb128 0x14
 676 0238 01       		.uleb128 0x1
 677 0239 50       		.byte	0x50
 678 023a 01       		.uleb128 0x1
 679 023b 37       		.byte	0x37
 680 023c 00       		.byte	0
 681 023d 09       		.uleb128 0x9
 682 023e 16000000 		.4byte	.LVL13
 683 0242 BB010000 		.4byte	0x1bb
 684 0246 00       		.byte	0
 685 0247 08       		.uleb128 0x8
 686 0248 60020000 		.4byte	.LASF30
 687 024c 01       		.byte	0x1
 688 024d 6B       		.byte	0x6b
 689 024e 00000000 		.4byte	.LFB1
 690 0252 1A000000 		.4byte	.LFE1-.LFB1
 691 0256 01       		.uleb128 0x1
 692 0257 9C       		.byte	0x9c
 693 0258 A5020000 		.4byte	0x2a5
 694 025c 15       		.uleb128 0x15
 695 025d 09020000 		.4byte	.LASF23
 696 0261 01       		.byte	0x1
 697 0262 6B       		.byte	0x6b
 698 0263 CF000000 		.4byte	0xcf
 699 0267 38000000 		.4byte	.LLST2
 700 026b 09       		.uleb128 0x9
 701 026c 08000000 		.4byte	.LVL15
 702 0270 E3010000 		.4byte	0x1e3
 703 0274 13       		.uleb128 0x13
 704 0275 0E000000 		.4byte	.LVL16
 705 0279 0C010000 		.4byte	0x10c
 706 027d 88020000 		.4byte	0x288
 707 0281 14       		.uleb128 0x14
 708 0282 01       		.uleb128 0x1
 709 0283 50       		.byte	0x50
 710 0284 02       		.uleb128 0x2
 711 0285 74       		.byte	0x74
 712 0286 00       		.sleb128 0
 713 0287 00       		.byte	0
ARM GAS  C:\Users\danza\AppData\Local\Temp\ccaAn6x2.s 			page 21


 714 0288 13       		.uleb128 0x13
 715 0289 14000000 		.4byte	.LVL17
 716 028d 69010000 		.4byte	0x169
 717 0291 9B020000 		.4byte	0x29b
 718 0295 14       		.uleb128 0x14
 719 0296 01       		.uleb128 0x1
 720 0297 50       		.byte	0x50
 721 0298 01       		.uleb128 0x1
 722 0299 37       		.byte	0x37
 723 029a 00       		.byte	0
 724 029b 09       		.uleb128 0x9
 725 029c 18000000 		.4byte	.LVL18
 726 02a0 BB010000 		.4byte	0x1bb
 727 02a4 00       		.byte	0
 728 02a5 08       		.uleb128 0x8
 729 02a6 C5020000 		.4byte	.LASF31
 730 02aa 01       		.byte	0x1
 731 02ab 89       		.byte	0x89
 732 02ac 00000000 		.4byte	.LFB2
 733 02b0 14000000 		.4byte	.LFE2-.LFB2
 734 02b4 01       		.uleb128 0x1
 735 02b5 9C       		.byte	0x9c
 736 02b6 CD020000 		.4byte	0x2cd
 737 02ba 09       		.uleb128 0x9
 738 02bb 06000000 		.4byte	.LVL19
 739 02bf E3010000 		.4byte	0x1e3
 740 02c3 09       		.uleb128 0x9
 741 02c4 0C000000 		.4byte	.LVL20
 742 02c8 0C010000 		.4byte	0x10c
 743 02cc 00       		.byte	0
 744 02cd 11       		.uleb128 0x11
 745 02ce F2010000 		.4byte	.LASF32
 746 02d2 01       		.byte	0x1
 747 02d3 8301     		.2byte	0x183
 748 02d5 00000000 		.4byte	.LFB11
 749 02d9 0C000000 		.4byte	.LFE11-.LFB11
 750 02dd 01       		.uleb128 0x1
 751 02de 9C       		.byte	0x9c
 752 02df 11       		.uleb128 0x11
 753 02e0 D6020000 		.4byte	.LASF33
 754 02e4 01       		.byte	0x1
 755 02e5 9C01     		.2byte	0x19c
 756 02e7 00000000 		.4byte	.LFB12
 757 02eb 0C000000 		.4byte	.LFE12-.LFB12
 758 02ef 01       		.uleb128 0x1
 759 02f0 9C       		.byte	0x9c
 760 02f1 16       		.uleb128 0x16
 761 02f2 D8010000 		.4byte	.LASF40
 762 02f6 01       		.byte	0x1
 763 02f7 20       		.byte	0x20
 764 02f8 FC020000 		.4byte	0x2fc
 765 02fc 07       		.uleb128 0x7
 766 02fd 25000000 		.4byte	0x25
 767 0301 17       		.uleb128 0x17
 768 0302 5E000000 		.4byte	.LASF34
 769 0306 5E000000 		.4byte	.LASF34
 770 030a 03       		.byte	0x3
ARM GAS  C:\Users\danza\AppData\Local\Temp\ccaAn6x2.s 			page 22


 771 030b 29       		.byte	0x29
 772 030c 17       		.uleb128 0x17
 773 030d 31000000 		.4byte	.LASF35
 774 0311 31000000 		.4byte	.LASF35
 775 0315 03       		.byte	0x3
 776 0316 2B       		.byte	0x2b
 777 0317 00       		.byte	0
 778              		.section	.debug_abbrev,"",%progbits
 779              	.Ldebug_abbrev0:
 780 0000 01       		.uleb128 0x1
 781 0001 11       		.uleb128 0x11
 782 0002 01       		.byte	0x1
 783 0003 25       		.uleb128 0x25
 784 0004 0E       		.uleb128 0xe
 785 0005 13       		.uleb128 0x13
 786 0006 0B       		.uleb128 0xb
 787 0007 03       		.uleb128 0x3
 788 0008 0E       		.uleb128 0xe
 789 0009 1B       		.uleb128 0x1b
 790 000a 0E       		.uleb128 0xe
 791 000b 55       		.uleb128 0x55
 792 000c 17       		.uleb128 0x17
 793 000d 11       		.uleb128 0x11
 794 000e 01       		.uleb128 0x1
 795 000f 10       		.uleb128 0x10
 796 0010 17       		.uleb128 0x17
 797 0011 00       		.byte	0
 798 0012 00       		.byte	0
 799 0013 02       		.uleb128 0x2
 800 0014 24       		.uleb128 0x24
 801 0015 00       		.byte	0
 802 0016 0B       		.uleb128 0xb
 803 0017 0B       		.uleb128 0xb
 804 0018 3E       		.uleb128 0x3e
 805 0019 0B       		.uleb128 0xb
 806 001a 03       		.uleb128 0x3
 807 001b 08       		.uleb128 0x8
 808 001c 00       		.byte	0
 809 001d 00       		.byte	0
 810 001e 03       		.uleb128 0x3
 811 001f 24       		.uleb128 0x24
 812 0020 00       		.byte	0
 813 0021 0B       		.uleb128 0xb
 814 0022 0B       		.uleb128 0xb
 815 0023 3E       		.uleb128 0x3e
 816 0024 0B       		.uleb128 0xb
 817 0025 03       		.uleb128 0x3
 818 0026 0E       		.uleb128 0xe
 819 0027 00       		.byte	0
 820 0028 00       		.byte	0
 821 0029 04       		.uleb128 0x4
 822 002a 0F       		.uleb128 0xf
 823 002b 00       		.byte	0
 824 002c 0B       		.uleb128 0xb
 825 002d 0B       		.uleb128 0xb
 826 002e 49       		.uleb128 0x49
 827 002f 13       		.uleb128 0x13
ARM GAS  C:\Users\danza\AppData\Local\Temp\ccaAn6x2.s 			page 23


 828 0030 00       		.byte	0
 829 0031 00       		.byte	0
 830 0032 05       		.uleb128 0x5
 831 0033 15       		.uleb128 0x15
 832 0034 00       		.byte	0
 833 0035 27       		.uleb128 0x27
 834 0036 19       		.uleb128 0x19
 835 0037 00       		.byte	0
 836 0038 00       		.byte	0
 837 0039 06       		.uleb128 0x6
 838 003a 16       		.uleb128 0x16
 839 003b 00       		.byte	0
 840 003c 03       		.uleb128 0x3
 841 003d 0E       		.uleb128 0xe
 842 003e 3A       		.uleb128 0x3a
 843 003f 0B       		.uleb128 0xb
 844 0040 3B       		.uleb128 0x3b
 845 0041 05       		.uleb128 0x5
 846 0042 49       		.uleb128 0x49
 847 0043 13       		.uleb128 0x13
 848 0044 00       		.byte	0
 849 0045 00       		.byte	0
 850 0046 07       		.uleb128 0x7
 851 0047 35       		.uleb128 0x35
 852 0048 00       		.byte	0
 853 0049 49       		.uleb128 0x49
 854 004a 13       		.uleb128 0x13
 855 004b 00       		.byte	0
 856 004c 00       		.byte	0
 857 004d 08       		.uleb128 0x8
 858 004e 2E       		.uleb128 0x2e
 859 004f 01       		.byte	0x1
 860 0050 3F       		.uleb128 0x3f
 861 0051 19       		.uleb128 0x19
 862 0052 03       		.uleb128 0x3
 863 0053 0E       		.uleb128 0xe
 864 0054 3A       		.uleb128 0x3a
 865 0055 0B       		.uleb128 0xb
 866 0056 3B       		.uleb128 0x3b
 867 0057 0B       		.uleb128 0xb
 868 0058 27       		.uleb128 0x27
 869 0059 19       		.uleb128 0x19
 870 005a 11       		.uleb128 0x11
 871 005b 01       		.uleb128 0x1
 872 005c 12       		.uleb128 0x12
 873 005d 06       		.uleb128 0x6
 874 005e 40       		.uleb128 0x40
 875 005f 18       		.uleb128 0x18
 876 0060 9742     		.uleb128 0x2117
 877 0062 19       		.uleb128 0x19
 878 0063 01       		.uleb128 0x1
 879 0064 13       		.uleb128 0x13
 880 0065 00       		.byte	0
 881 0066 00       		.byte	0
 882 0067 09       		.uleb128 0x9
 883 0068 898201   		.uleb128 0x4109
 884 006b 00       		.byte	0
ARM GAS  C:\Users\danza\AppData\Local\Temp\ccaAn6x2.s 			page 24


 885 006c 11       		.uleb128 0x11
 886 006d 01       		.uleb128 0x1
 887 006e 31       		.uleb128 0x31
 888 006f 13       		.uleb128 0x13
 889 0070 00       		.byte	0
 890 0071 00       		.byte	0
 891 0072 0A       		.uleb128 0xa
 892 0073 05       		.uleb128 0x5
 893 0074 00       		.byte	0
 894 0075 03       		.uleb128 0x3
 895 0076 0E       		.uleb128 0xe
 896 0077 3A       		.uleb128 0x3a
 897 0078 0B       		.uleb128 0xb
 898 0079 3B       		.uleb128 0x3b
 899 007a 0B       		.uleb128 0xb
 900 007b 49       		.uleb128 0x49
 901 007c 13       		.uleb128 0x13
 902 007d 02       		.uleb128 0x2
 903 007e 18       		.uleb128 0x18
 904 007f 00       		.byte	0
 905 0080 00       		.byte	0
 906 0081 0B       		.uleb128 0xb
 907 0082 34       		.uleb128 0x34
 908 0083 00       		.byte	0
 909 0084 03       		.uleb128 0x3
 910 0085 0E       		.uleb128 0xe
 911 0086 3A       		.uleb128 0x3a
 912 0087 0B       		.uleb128 0xb
 913 0088 3B       		.uleb128 0x3b
 914 0089 0B       		.uleb128 0xb
 915 008a 49       		.uleb128 0x49
 916 008b 13       		.uleb128 0x13
 917 008c 02       		.uleb128 0x2
 918 008d 18       		.uleb128 0x18
 919 008e 00       		.byte	0
 920 008f 00       		.byte	0
 921 0090 0C       		.uleb128 0xc
 922 0091 2E       		.uleb128 0x2e
 923 0092 01       		.byte	0x1
 924 0093 3F       		.uleb128 0x3f
 925 0094 19       		.uleb128 0x19
 926 0095 03       		.uleb128 0x3
 927 0096 0E       		.uleb128 0xe
 928 0097 3A       		.uleb128 0x3a
 929 0098 0B       		.uleb128 0xb
 930 0099 3B       		.uleb128 0x3b
 931 009a 0B       		.uleb128 0xb
 932 009b 27       		.uleb128 0x27
 933 009c 19       		.uleb128 0x19
 934 009d 49       		.uleb128 0x49
 935 009e 13       		.uleb128 0x13
 936 009f 11       		.uleb128 0x11
 937 00a0 01       		.uleb128 0x1
 938 00a1 12       		.uleb128 0x12
 939 00a2 06       		.uleb128 0x6
 940 00a3 40       		.uleb128 0x40
 941 00a4 18       		.uleb128 0x18
ARM GAS  C:\Users\danza\AppData\Local\Temp\ccaAn6x2.s 			page 25


 942 00a5 9742     		.uleb128 0x2117
 943 00a7 19       		.uleb128 0x19
 944 00a8 01       		.uleb128 0x1
 945 00a9 13       		.uleb128 0x13
 946 00aa 00       		.byte	0
 947 00ab 00       		.byte	0
 948 00ac 0D       		.uleb128 0xd
 949 00ad 2E       		.uleb128 0x2e
 950 00ae 01       		.byte	0x1
 951 00af 3F       		.uleb128 0x3f
 952 00b0 19       		.uleb128 0x19
 953 00b1 03       		.uleb128 0x3
 954 00b2 0E       		.uleb128 0xe
 955 00b3 3A       		.uleb128 0x3a
 956 00b4 0B       		.uleb128 0xb
 957 00b5 3B       		.uleb128 0x3b
 958 00b6 05       		.uleb128 0x5
 959 00b7 27       		.uleb128 0x27
 960 00b8 19       		.uleb128 0x19
 961 00b9 11       		.uleb128 0x11
 962 00ba 01       		.uleb128 0x1
 963 00bb 12       		.uleb128 0x12
 964 00bc 06       		.uleb128 0x6
 965 00bd 40       		.uleb128 0x40
 966 00be 18       		.uleb128 0x18
 967 00bf 9742     		.uleb128 0x2117
 968 00c1 19       		.uleb128 0x19
 969 00c2 01       		.uleb128 0x1
 970 00c3 13       		.uleb128 0x13
 971 00c4 00       		.byte	0
 972 00c5 00       		.byte	0
 973 00c6 0E       		.uleb128 0xe
 974 00c7 05       		.uleb128 0x5
 975 00c8 00       		.byte	0
 976 00c9 03       		.uleb128 0x3
 977 00ca 0E       		.uleb128 0xe
 978 00cb 3A       		.uleb128 0x3a
 979 00cc 0B       		.uleb128 0xb
 980 00cd 3B       		.uleb128 0x3b
 981 00ce 05       		.uleb128 0x5
 982 00cf 49       		.uleb128 0x49
 983 00d0 13       		.uleb128 0x13
 984 00d1 02       		.uleb128 0x2
 985 00d2 17       		.uleb128 0x17
 986 00d3 00       		.byte	0
 987 00d4 00       		.byte	0
 988 00d5 0F       		.uleb128 0xf
 989 00d6 2E       		.uleb128 0x2e
 990 00d7 01       		.byte	0x1
 991 00d8 3F       		.uleb128 0x3f
 992 00d9 19       		.uleb128 0x19
 993 00da 03       		.uleb128 0x3
 994 00db 0E       		.uleb128 0xe
 995 00dc 3A       		.uleb128 0x3a
 996 00dd 0B       		.uleb128 0xb
 997 00de 3B       		.uleb128 0x3b
 998 00df 05       		.uleb128 0x5
ARM GAS  C:\Users\danza\AppData\Local\Temp\ccaAn6x2.s 			page 26


 999 00e0 27       		.uleb128 0x27
 1000 00e1 19       		.uleb128 0x19
 1001 00e2 49       		.uleb128 0x49
 1002 00e3 13       		.uleb128 0x13
 1003 00e4 11       		.uleb128 0x11
 1004 00e5 01       		.uleb128 0x1
 1005 00e6 12       		.uleb128 0x12
 1006 00e7 06       		.uleb128 0x6
 1007 00e8 40       		.uleb128 0x40
 1008 00e9 18       		.uleb128 0x18
 1009 00ea 9742     		.uleb128 0x2117
 1010 00ec 19       		.uleb128 0x19
 1011 00ed 01       		.uleb128 0x1
 1012 00ee 13       		.uleb128 0x13
 1013 00ef 00       		.byte	0
 1014 00f0 00       		.byte	0
 1015 00f1 10       		.uleb128 0x10
 1016 00f2 34       		.uleb128 0x34
 1017 00f3 00       		.byte	0
 1018 00f4 03       		.uleb128 0x3
 1019 00f5 0E       		.uleb128 0xe
 1020 00f6 3A       		.uleb128 0x3a
 1021 00f7 0B       		.uleb128 0xb
 1022 00f8 3B       		.uleb128 0x3b
 1023 00f9 05       		.uleb128 0x5
 1024 00fa 49       		.uleb128 0x49
 1025 00fb 13       		.uleb128 0x13
 1026 00fc 02       		.uleb128 0x2
 1027 00fd 17       		.uleb128 0x17
 1028 00fe 00       		.byte	0
 1029 00ff 00       		.byte	0
 1030 0100 11       		.uleb128 0x11
 1031 0101 2E       		.uleb128 0x2e
 1032 0102 00       		.byte	0
 1033 0103 3F       		.uleb128 0x3f
 1034 0104 19       		.uleb128 0x19
 1035 0105 03       		.uleb128 0x3
 1036 0106 0E       		.uleb128 0xe
 1037 0107 3A       		.uleb128 0x3a
 1038 0108 0B       		.uleb128 0xb
 1039 0109 3B       		.uleb128 0x3b
 1040 010a 05       		.uleb128 0x5
 1041 010b 27       		.uleb128 0x27
 1042 010c 19       		.uleb128 0x19
 1043 010d 11       		.uleb128 0x11
 1044 010e 01       		.uleb128 0x1
 1045 010f 12       		.uleb128 0x12
 1046 0110 06       		.uleb128 0x6
 1047 0111 40       		.uleb128 0x40
 1048 0112 18       		.uleb128 0x18
 1049 0113 9742     		.uleb128 0x2117
 1050 0115 19       		.uleb128 0x19
 1051 0116 00       		.byte	0
 1052 0117 00       		.byte	0
 1053 0118 12       		.uleb128 0x12
 1054 0119 2E       		.uleb128 0x2e
 1055 011a 00       		.byte	0
ARM GAS  C:\Users\danza\AppData\Local\Temp\ccaAn6x2.s 			page 27


 1056 011b 3F       		.uleb128 0x3f
 1057 011c 19       		.uleb128 0x19
 1058 011d 03       		.uleb128 0x3
 1059 011e 0E       		.uleb128 0xe
 1060 011f 3A       		.uleb128 0x3a
 1061 0120 0B       		.uleb128 0xb
 1062 0121 3B       		.uleb128 0x3b
 1063 0122 05       		.uleb128 0x5
 1064 0123 27       		.uleb128 0x27
 1065 0124 19       		.uleb128 0x19
 1066 0125 49       		.uleb128 0x49
 1067 0126 13       		.uleb128 0x13
 1068 0127 11       		.uleb128 0x11
 1069 0128 01       		.uleb128 0x1
 1070 0129 12       		.uleb128 0x12
 1071 012a 06       		.uleb128 0x6
 1072 012b 40       		.uleb128 0x40
 1073 012c 18       		.uleb128 0x18
 1074 012d 9742     		.uleb128 0x2117
 1075 012f 19       		.uleb128 0x19
 1076 0130 00       		.byte	0
 1077 0131 00       		.byte	0
 1078 0132 13       		.uleb128 0x13
 1079 0133 898201   		.uleb128 0x4109
 1080 0136 01       		.byte	0x1
 1081 0137 11       		.uleb128 0x11
 1082 0138 01       		.uleb128 0x1
 1083 0139 31       		.uleb128 0x31
 1084 013a 13       		.uleb128 0x13
 1085 013b 01       		.uleb128 0x1
 1086 013c 13       		.uleb128 0x13
 1087 013d 00       		.byte	0
 1088 013e 00       		.byte	0
 1089 013f 14       		.uleb128 0x14
 1090 0140 8A8201   		.uleb128 0x410a
 1091 0143 00       		.byte	0
 1092 0144 02       		.uleb128 0x2
 1093 0145 18       		.uleb128 0x18
 1094 0146 9142     		.uleb128 0x2111
 1095 0148 18       		.uleb128 0x18
 1096 0149 00       		.byte	0
 1097 014a 00       		.byte	0
 1098 014b 15       		.uleb128 0x15
 1099 014c 05       		.uleb128 0x5
 1100 014d 00       		.byte	0
 1101 014e 03       		.uleb128 0x3
 1102 014f 0E       		.uleb128 0xe
 1103 0150 3A       		.uleb128 0x3a
 1104 0151 0B       		.uleb128 0xb
 1105 0152 3B       		.uleb128 0x3b
 1106 0153 0B       		.uleb128 0xb
 1107 0154 49       		.uleb128 0x49
 1108 0155 13       		.uleb128 0x13
 1109 0156 02       		.uleb128 0x2
 1110 0157 17       		.uleb128 0x17
 1111 0158 00       		.byte	0
 1112 0159 00       		.byte	0
ARM GAS  C:\Users\danza\AppData\Local\Temp\ccaAn6x2.s 			page 28


 1113 015a 16       		.uleb128 0x16
 1114 015b 34       		.uleb128 0x34
 1115 015c 00       		.byte	0
 1116 015d 03       		.uleb128 0x3
 1117 015e 0E       		.uleb128 0xe
 1118 015f 3A       		.uleb128 0x3a
 1119 0160 0B       		.uleb128 0xb
 1120 0161 3B       		.uleb128 0x3b
 1121 0162 0B       		.uleb128 0xb
 1122 0163 49       		.uleb128 0x49
 1123 0164 13       		.uleb128 0x13
 1124 0165 3F       		.uleb128 0x3f
 1125 0166 19       		.uleb128 0x19
 1126 0167 3C       		.uleb128 0x3c
 1127 0168 19       		.uleb128 0x19
 1128 0169 00       		.byte	0
 1129 016a 00       		.byte	0
 1130 016b 17       		.uleb128 0x17
 1131 016c 2E       		.uleb128 0x2e
 1132 016d 00       		.byte	0
 1133 016e 3F       		.uleb128 0x3f
 1134 016f 19       		.uleb128 0x19
 1135 0170 3C       		.uleb128 0x3c
 1136 0171 19       		.uleb128 0x19
 1137 0172 6E       		.uleb128 0x6e
 1138 0173 0E       		.uleb128 0xe
 1139 0174 03       		.uleb128 0x3
 1140 0175 0E       		.uleb128 0xe
 1141 0176 3A       		.uleb128 0x3a
 1142 0177 0B       		.uleb128 0xb
 1143 0178 3B       		.uleb128 0x3b
 1144 0179 0B       		.uleb128 0xb
 1145 017a 00       		.byte	0
 1146 017b 00       		.byte	0
 1147 017c 00       		.byte	0
 1148              		.section	.debug_loc,"",%progbits
 1149              	.Ldebug_loc0:
 1150              	.LLST0:
 1151 0000 00000000 		.4byte	.LVL6
 1152 0004 02000000 		.4byte	.LVL7
 1153 0008 0100     		.2byte	0x1
 1154 000a 50       		.byte	0x50
 1155 000b 02000000 		.4byte	.LVL7
 1156 000f 10000000 		.4byte	.LFE6
 1157 0013 0400     		.2byte	0x4
 1158 0015 F3       		.byte	0xf3
 1159 0016 01       		.uleb128 0x1
 1160 0017 50       		.byte	0x50
 1161 0018 9F       		.byte	0x9f
 1162 0019 00000000 		.4byte	0
 1163 001d 00000000 		.4byte	0
 1164              	.LLST1:
 1165 0021 04000000 		.4byte	.LVL8
 1166 0025 06000000 		.4byte	.LVL9
 1167 0029 0500     		.2byte	0x5
 1168 002b 70       		.byte	0x70
 1169 002c 00       		.sleb128 0
ARM GAS  C:\Users\danza\AppData\Local\Temp\ccaAn6x2.s 			page 29


 1170 002d 35       		.byte	0x35
 1171 002e 25       		.byte	0x25
 1172 002f 9F       		.byte	0x9f
 1173 0030 00000000 		.4byte	0
 1174 0034 00000000 		.4byte	0
 1175              	.LLST2:
 1176 0038 00000000 		.4byte	.LVL14
 1177 003c 07000000 		.4byte	.LVL15-1
 1178 0040 0100     		.2byte	0x1
 1179 0042 50       		.byte	0x50
 1180 0043 07000000 		.4byte	.LVL15-1
 1181 0047 1A000000 		.4byte	.LFE1
 1182 004b 0100     		.2byte	0x1
 1183 004d 54       		.byte	0x54
 1184 004e 00000000 		.4byte	0
 1185 0052 00000000 		.4byte	0
 1186              		.section	.debug_aranges,"",%progbits
 1187 0000 7C000000 		.4byte	0x7c
 1188 0004 0200     		.2byte	0x2
 1189 0006 00000000 		.4byte	.Ldebug_info0
 1190 000a 04       		.byte	0x4
 1191 000b 00       		.byte	0
 1192 000c 0000     		.2byte	0
 1193 000e 0000     		.2byte	0
 1194 0010 00000000 		.4byte	.LFB3
 1195 0014 2C000000 		.4byte	.LFE3-.LFB3
 1196 0018 00000000 		.4byte	.LFB4
 1197 001c 0C000000 		.4byte	.LFE4-.LFB4
 1198 0020 00000000 		.4byte	.LFB5
 1199 0024 0C000000 		.4byte	.LFE5-.LFB5
 1200 0028 00000000 		.4byte	.LFB6
 1201 002c 10000000 		.4byte	.LFE6-.LFB6
 1202 0030 00000000 		.4byte	.LFB7
 1203 0034 0C000000 		.4byte	.LFE7-.LFB7
 1204 0038 00000000 		.4byte	.LFB8
 1205 003c 0C000000 		.4byte	.LFE8-.LFB8
 1206 0040 00000000 		.4byte	.LFB9
 1207 0044 18000000 		.4byte	.LFE9-.LFB9
 1208 0048 00000000 		.4byte	.LFB10
 1209 004c 0C000000 		.4byte	.LFE10-.LFB10
 1210 0050 00000000 		.4byte	.LFB0
 1211 0054 1C000000 		.4byte	.LFE0-.LFB0
 1212 0058 00000000 		.4byte	.LFB1
 1213 005c 1A000000 		.4byte	.LFE1-.LFB1
 1214 0060 00000000 		.4byte	.LFB2
 1215 0064 14000000 		.4byte	.LFE2-.LFB2
 1216 0068 00000000 		.4byte	.LFB11
 1217 006c 0C000000 		.4byte	.LFE11-.LFB11
 1218 0070 00000000 		.4byte	.LFB12
 1219 0074 0C000000 		.4byte	.LFE12-.LFB12
 1220 0078 00000000 		.4byte	0
 1221 007c 00000000 		.4byte	0
 1222              		.section	.debug_ranges,"",%progbits
 1223              	.Ldebug_ranges0:
 1224 0000 00000000 		.4byte	.LFB3
 1225 0004 2C000000 		.4byte	.LFE3
 1226 0008 00000000 		.4byte	.LFB4
ARM GAS  C:\Users\danza\AppData\Local\Temp\ccaAn6x2.s 			page 30


 1227 000c 0C000000 		.4byte	.LFE4
 1228 0010 00000000 		.4byte	.LFB5
 1229 0014 0C000000 		.4byte	.LFE5
 1230 0018 00000000 		.4byte	.LFB6
 1231 001c 10000000 		.4byte	.LFE6
 1232 0020 00000000 		.4byte	.LFB7
 1233 0024 0C000000 		.4byte	.LFE7
 1234 0028 00000000 		.4byte	.LFB8
 1235 002c 0C000000 		.4byte	.LFE8
 1236 0030 00000000 		.4byte	.LFB9
 1237 0034 18000000 		.4byte	.LFE9
 1238 0038 00000000 		.4byte	.LFB10
 1239 003c 0C000000 		.4byte	.LFE10
 1240 0040 00000000 		.4byte	.LFB0
 1241 0044 1C000000 		.4byte	.LFE0
 1242 0048 00000000 		.4byte	.LFB1
 1243 004c 1A000000 		.4byte	.LFE1
 1244 0050 00000000 		.4byte	.LFB2
 1245 0054 14000000 		.4byte	.LFE2
 1246 0058 00000000 		.4byte	.LFB11
 1247 005c 0C000000 		.4byte	.LFE11
 1248 0060 00000000 		.4byte	.LFB12
 1249 0064 0C000000 		.4byte	.LFE12
 1250 0068 00000000 		.4byte	0
 1251 006c 00000000 		.4byte	0
 1252              		.section	.debug_line,"",%progbits
 1253              	.Ldebug_line0:
 1254 0000 47010000 		.section	.debug_str,"MS",%progbits,1
 1254      02005500 
 1254      00000201 
 1254      FB0E0D00 
 1254      01010101 
 1255              	.LASF17:
 1256 0000 72656733 		.ascii	"reg32\000"
 1256      3200
 1257              	.LASF26:
 1258 0006 434F4E54 		.ascii	"CONTROL_ISR_GetPriority\000"
 1258      524F4C5F 
 1258      4953525F 
 1258      47657450 
 1258      72696F72 
 1259              	.LASF6:
 1260 001e 73686F72 		.ascii	"short unsigned int\000"
 1260      7420756E 
 1260      7369676E 
 1260      65642069 
 1260      6E7400
 1261              	.LASF35:
 1262 0031 436F6E74 		.ascii	"Control_ClearInterrupt\000"
 1262      726F6C5F 
 1262      436C6561 
 1262      72496E74 
 1262      65727275 
 1263              	.LASF19:
 1264 0048 434F4E54 		.ascii	"CONTROL_ISR_Interrupt\000"
 1264      524F4C5F 
 1264      4953525F 
ARM GAS  C:\Users\danza\AppData\Local\Temp\ccaAn6x2.s 			page 31


 1264      496E7465 
 1264      72727570 
 1265              	.LASF34:
 1266 005e 436F6E74 		.ascii	"Control_Read\000"
 1266      726F6C5F 
 1266      52656164 
 1266      00
 1267              	.LASF25:
 1268 006b 434F4E54 		.ascii	"CONTROL_ISR_GetVector\000"
 1268      524F4C5F 
 1268      4953525F 
 1268      47657456 
 1268      6563746F 
 1269              	.LASF14:
 1270 0081 666C6F61 		.ascii	"float\000"
 1270      7400
 1271              	.LASF38:
 1272 0087 433A5C45 		.ascii	"C:\\ECE381_Labs\\Lab04_Game\\Lab04_Game.cydsn\000"
 1272      43453338 
 1272      315F4C61 
 1272      62735C4C 
 1272      61623034 
 1273              	.LASF4:
 1274 00b2 756E7369 		.ascii	"unsigned char\000"
 1274      676E6564 
 1274      20636861 
 1274      7200
 1275              	.LASF36:
 1276 00c0 474E5520 		.ascii	"GNU C11 5.4.1 20160609 (release) [ARM/embedded-5-br"
 1276      43313120 
 1276      352E342E 
 1276      31203230 
 1276      31363036 
 1277 00f3 616E6368 		.ascii	"anch revision 237715] -mcpu=cortex-m3 -mthumb -g -O"
 1277      20726576 
 1277      6973696F 
 1277      6E203233 
 1277      37373135 
 1278 0126 67202D66 		.ascii	"g -ffunction-sections -ffat-lto-objects\000"
 1278      66756E63 
 1278      74696F6E 
 1278      2D736563 
 1278      74696F6E 
 1279              	.LASF16:
 1280 014e 72656738 		.ascii	"reg8\000"
 1280      00
 1281              	.LASF27:
 1282 0153 434F4E54 		.ascii	"CONTROL_ISR_Enable\000"
 1282      524F4C5F 
 1282      4953525F 
 1282      456E6162 
 1282      6C6500
 1283              	.LASF8:
 1284 0166 6C6F6E67 		.ascii	"long unsigned int\000"
 1284      20756E73 
 1284      69676E65 
 1284      6420696E 
ARM GAS  C:\Users\danza\AppData\Local\Temp\ccaAn6x2.s 			page 32


 1284      7400
 1285              	.LASF12:
 1286 0178 75696E74 		.ascii	"uint8\000"
 1286      3800
 1287              	.LASF39:
 1288 017e 434F4E54 		.ascii	"CONTROL_ISR_GetState\000"
 1288      524F4C5F 
 1288      4953525F 
 1288      47657453 
 1288      74617465 
 1289              	.LASF24:
 1290 0193 7072696F 		.ascii	"priority\000"
 1290      72697479 
 1290      00
 1291              	.LASF15:
 1292 019c 646F7562 		.ascii	"double\000"
 1292      6C6500
 1293              	.LASF22:
 1294 01a3 434F4E54 		.ascii	"CONTROL_ISR_SetPriority\000"
 1294      524F4C5F 
 1294      4953525F 
 1294      53657450 
 1294      72696F72 
 1295              	.LASF20:
 1296 01bb 434F4E54 		.ascii	"CONTROL_ISR_SetVector\000"
 1296      524F4C5F 
 1296      4953525F 
 1296      53657456 
 1296      6563746F 
 1297              	.LASF13:
 1298 01d1 75696E74 		.ascii	"uint32\000"
 1298      333200
 1299              	.LASF40:
 1300 01d8 43686172 		.ascii	"CharacterPos\000"
 1300      61637465 
 1300      72506F73 
 1300      00
 1301              	.LASF0:
 1302 01e5 756E7369 		.ascii	"unsigned int\000"
 1302      676E6564 
 1302      20696E74 
 1302      00
 1303              	.LASF32:
 1304 01f2 434F4E54 		.ascii	"CONTROL_ISR_SetPending\000"
 1304      524F4C5F 
 1304      4953525F 
 1304      53657450 
 1304      656E6469 
 1305              	.LASF23:
 1306 0209 61646472 		.ascii	"address\000"
 1306      65737300 
 1307              	.LASF9:
 1308 0211 6C6F6E67 		.ascii	"long long unsigned int\000"
 1308      206C6F6E 
 1308      6720756E 
 1308      7369676E 
 1308      65642069 
ARM GAS  C:\Users\danza\AppData\Local\Temp\ccaAn6x2.s 			page 33


 1309              	.LASF28:
 1310 0228 434F4E54 		.ascii	"CONTROL_ISR_Disable\000"
 1310      524F4C5F 
 1310      4953525F 
 1310      44697361 
 1310      626C6500 
 1311              	.LASF18:
 1312 023c 63796973 		.ascii	"cyisraddress\000"
 1312      72616464 
 1312      72657373 
 1312      00
 1313              	.LASF10:
 1314 0249 73697A65 		.ascii	"sizetype\000"
 1314      74797065 
 1314      00
 1315              	.LASF1:
 1316 0252 6C6F6E67 		.ascii	"long long int\000"
 1316      206C6F6E 
 1316      6720696E 
 1316      7400
 1317              	.LASF30:
 1318 0260 434F4E54 		.ascii	"CONTROL_ISR_StartEx\000"
 1318      524F4C5F 
 1318      4953525F 
 1318      53746172 
 1318      74457800 
 1319              	.LASF21:
 1320 0274 72616D56 		.ascii	"ramVectorTable\000"
 1320      6563746F 
 1320      72546162 
 1320      6C6500
 1321              	.LASF5:
 1322 0283 73686F72 		.ascii	"short int\000"
 1322      7420696E 
 1322      7400
 1323              	.LASF29:
 1324 028d 434F4E54 		.ascii	"CONTROL_ISR_Start\000"
 1324      524F4C5F 
 1324      4953525F 
 1324      53746172 
 1324      7400
 1325              	.LASF7:
 1326 029f 6C6F6E67 		.ascii	"long int\000"
 1326      20696E74 
 1326      00
 1327              	.LASF11:
 1328 02a8 63686172 		.ascii	"char\000"
 1328      00
 1329              	.LASF2:
 1330 02ad 6C6F6E67 		.ascii	"long double\000"
 1330      20646F75 
 1330      626C6500 
 1331              	.LASF3:
 1332 02b9 7369676E 		.ascii	"signed char\000"
 1332      65642063 
 1332      68617200 
 1333              	.LASF31:
ARM GAS  C:\Users\danza\AppData\Local\Temp\ccaAn6x2.s 			page 34


 1334 02c5 434F4E54 		.ascii	"CONTROL_ISR_Stop\000"
 1334      524F4C5F 
 1334      4953525F 
 1334      53746F70 
 1334      00
 1335              	.LASF33:
 1336 02d6 434F4E54 		.ascii	"CONTROL_ISR_ClearPending\000"
 1336      524F4C5F 
 1336      4953525F 
 1336      436C6561 
 1336      7250656E 
 1337              	.LASF37:
 1338 02ef 47656E65 		.ascii	"Generated_Source\\PSoC5\\CONTROL_ISR.c\000"
 1338      72617465 
 1338      645F536F 
 1338      75726365 
 1338      5C50536F 
 1339              		.ident	"GCC: (GNU Tools for ARM Embedded Processors) 5.4.1 20160609 (release) [ARM/embedded-5-bran
