ARM GAS  C:\Users\danza\AppData\Local\Temp\ccqZSlST.s 			page 1


   1              		.syntax unified
   2              		.cpu cortex-m3
   3              		.fpu softvfp
   4              		.eabi_attribute 20, 1
   5              		.eabi_attribute 21, 1
   6              		.eabi_attribute 23, 3
   7              		.eabi_attribute 24, 1
   8              		.eabi_attribute 25, 1
   9              		.eabi_attribute 26, 1
  10              		.eabi_attribute 30, 1
  11              		.eabi_attribute 34, 1
  12              		.eabi_attribute 18, 4
  13              		.thumb
  14              		.syntax unified
  15              		.file	"cymetadata.c"
  16              		.text
  17              	.Ltext0:
  18              		.cfi_sections	.debug_frame
  19              		.global	cy_metadata
  20              		.global	cy_meta_flashprotect
  21              		.global	cy_meta_wonvl
  22              		.global	cy_meta_custnvl
  23              		.global	cy_meta_configecc
  24              		.section	.cyconfigecc,"a",%progbits
  25              		.align	2
  26              		.type	cy_meta_configecc, %object
  27              		.size	cy_meta_configecc, 232
  28              	cy_meta_configecc:
  29 0000 02       		.byte	2
  30 0001 45       		.byte	69
  31 0002 00       		.byte	0
  32 0003 40       		.byte	64
  33 0004 04       		.byte	4
  34 0005 4F       		.byte	79
  35 0006 00       		.byte	0
  36 0007 40       		.byte	64
  37 0008 01       		.byte	1
  38 0009 52       		.byte	82
  39 000a 00       		.byte	0
  40 000b 40       		.byte	64
  41 000c 01       		.byte	1
  42 000d 05       		.byte	5
  43 000e 01       		.byte	1
  44 000f 40       		.byte	64
  45 0010 20       		.byte	32
  46 0011 0A       		.byte	10
  47 0012 01       		.byte	1
  48 0013 40       		.byte	64
  49 0014 0B       		.byte	11
  50 0015 0B       		.byte	11
  51 0016 01       		.byte	1
  52 0017 40       		.byte	64
  53 0018 04       		.byte	4
  54 0019 0C       		.byte	12
  55 001a 01       		.byte	1
  56 001b 40       		.byte	64
  57 001c 01       		.byte	1
ARM GAS  C:\Users\danza\AppData\Local\Temp\ccqZSlST.s 			page 2


  58 001d 0D       		.byte	13
  59 001e 01       		.byte	1
  60 001f 40       		.byte	64
  61 0020 01       		.byte	1
  62 0021 17       		.byte	23
  63 0022 01       		.byte	1
  64 0023 40       		.byte	64
  65 0024 01       		.byte	1
  66 0025 19       		.byte	25
  67 0026 01       		.byte	1
  68 0027 40       		.byte	64
  69 0028 06       		.byte	6
  70 0029 42       		.byte	66
  71 002a 01       		.byte	1
  72 002b 40       		.byte	64
  73 002c 02       		.byte	2
  74 002d 43       		.byte	67
  75 002e 01       		.byte	1
  76 002f 40       		.byte	64
  77 0030 01       		.byte	1
  78 0031 48       		.byte	72
  79 0032 01       		.byte	1
  80 0033 40       		.byte	64
  81 0034 05       		.byte	5
  82 0035 4C       		.byte	76
  83 0036 01       		.byte	1
  84 0037 40       		.byte	64
  85 0038 02       		.byte	2
  86 0039 50       		.byte	80
  87 003a 01       		.byte	1
  88 003b 40       		.byte	64
  89 003c 1C       		.byte	28
  90 003d 01       		.byte	1
  91 003e 1D       		.byte	29
  92 003f 01       		.byte	1
  93 0040 01       		.byte	1
  94 0041 10       		.byte	16
  95 0042 0A       		.byte	10
  96 0043 4B       		.byte	75
  97 0044 0D       		.byte	13
  98 0045 20       		.byte	32
  99 0046 16       		.byte	22
 100 0047 4B       		.byte	75
 101 0048 09       		.byte	9
 102 0049 80       		.byte	-128
 103 004a EA       		.byte	-22
 104 004b 08       		.byte	8
 105 004c 40       		.byte	64
 106 004d 05       		.byte	5
 107 004e 49       		.byte	73
 108 004f FF       		.byte	-1
 109 0050 4A       		.byte	74
 110 0051 FF       		.byte	-1
 111 0052 4B       		.byte	75
 112 0053 FF       		.byte	-1
 113 0054 4C       		.byte	76
 114 0055 02       		.byte	2
ARM GAS  C:\Users\danza\AppData\Local\Temp\ccqZSlST.s 			page 3


 115 0056 4D       		.byte	77
 116 0057 0C       		.byte	12
 117 0058 4E       		.byte	78
 118 0059 F8       		.byte	-8
 119 005a 52       		.byte	82
 120 005b 01       		.byte	1
 121 005c 5A       		.byte	90
 122 005d 0C       		.byte	12
 123 005e 5B       		.byte	91
 124 005f 04       		.byte	4
 125 0060 5F       		.byte	95
 126 0061 01       		.byte	1
 127 0062 62       		.byte	98
 128 0063 48       		.byte	72
 129 0064 63       		.byte	99
 130 0065 A1       		.byte	-95
 131 0066 68       		.byte	104
 132 0067 F0       		.byte	-16
 133 0068 6A       		.byte	106
 134 0069 F0       		.byte	-16
 135 006a 6C       		.byte	108
 136 006b F0       		.byte	-16
 137 006c 6E       		.byte	110
 138 006d F0       		.byte	-16
 139 006e C0       		.byte	-64
 140 006f 04       		.byte	4
 141 0070 C9       		.byte	-55
 142 0071 FF       		.byte	-1
 143 0072 CA       		.byte	-54
 144 0073 FF       		.byte	-1
 145 0074 CB       		.byte	-53
 146 0075 FF       		.byte	-1
 147 0076 CC       		.byte	-52
 148 0077 03       		.byte	3
 149 0078 CD       		.byte	-51
 150 0079 0C       		.byte	12
 151 007a CE       		.byte	-50
 152 007b F4       		.byte	-12
 153 007c DA       		.byte	-38
 154 007d 0C       		.byte	12
 155 007e DF       		.byte	-33
 156 007f 01       		.byte	1
 157 0080 E2       		.byte	-30
 158 0081 48       		.byte	72
 159 0082 E3       		.byte	-29
 160 0083 A1       		.byte	-95
 161 0084 E8       		.byte	-24
 162 0085 F0       		.byte	-16
 163 0086 EA       		.byte	-22
 164 0087 F0       		.byte	-16
 165 0088 EC       		.byte	-20
 166 0089 F0       		.byte	-16
 167 008a EE       		.byte	-18
 168 008b F0       		.byte	-16
 169 008c 47       		.byte	71
 170 008d 02       		.byte	2
 171 008e 48       		.byte	72
ARM GAS  C:\Users\danza\AppData\Local\Temp\ccqZSlST.s 			page 4


 172 008f 01       		.byte	1
 173 0090 68       		.byte	104
 174 0091 01       		.byte	1
 175 0092 69       		.byte	105
 176 0093 40       		.byte	64
 177 0094 6B       		.byte	107
 178 0095 02       		.byte	2
 179 0096 79       		.byte	121
 180 0097 40       		.byte	64
 181 0098 7D       		.byte	125
 182 0099 40       		.byte	64
 183 009a AF       		.byte	-81
 184 009b 40       		.byte	64
 185 009c D0       		.byte	-48
 186 009d 80       		.byte	-128
 187 009e D2       		.byte	-46
 188 009f 08       		.byte	8
 189 00a0 DE       		.byte	-34
 190 00a1 18       		.byte	24
 191 00a2 38       		.byte	56
 192 00a3 80       		.byte	-128
 193 00a4 3E       		.byte	62
 194 00a5 40       		.byte	64
 195 00a6 58       		.byte	88
 196 00a7 04       		.byte	4
 197 00a8 5F       		.byte	95
 198 00a9 01       		.byte	1
 199 00aa 1F       		.byte	31
 200 00ab 40       		.byte	64
 201 00ac E8       		.byte	-24
 202 00ad 10       		.byte	16
 203 00ae E8       		.byte	-24
 204 00af 10       		.byte	16
 205 00b0 5B       		.byte	91
 206 00b1 08       		.byte	8
 207 00b2 5F       		.byte	95
 208 00b3 08       		.byte	8
 209 00b4 9B       		.byte	-101
 210 00b5 08       		.byte	8
 211 00b6 AF       		.byte	-81
 212 00b7 08       		.byte	8
 213 00b8 D6       		.byte	-42
 214 00b9 C0       		.byte	-64
 215 00ba EA       		.byte	-22
 216 00bb 10       		.byte	16
 217 00bc 18       		.byte	24
 218 00bd 10       		.byte	16
 219 00be C6       		.byte	-58
 220 00bf 10       		.byte	16
 221 00c0 B4       		.byte	-76
 222 00c1 10       		.byte	16
 223 00c2 60       		.byte	96
 224 00c3 80       		.byte	-128
 225 00c4 98       		.byte	-104
 226 00c5 80       		.byte	-128
 227 00c6 B4       		.byte	-76
 228 00c7 80       		.byte	-128
ARM GAS  C:\Users\danza\AppData\Local\Temp\ccqZSlST.s 			page 5


 229 00c8 D8       		.byte	-40
 230 00c9 02       		.byte	2
 231 00ca E8       		.byte	-24
 232 00cb 08       		.byte	8
 233 00cc 00       		.byte	0
 234 00cd 01       		.byte	1
 235 00ce 0C       		.byte	12
 236 00cf 01       		.byte	1
 237 00d0 00       		.byte	0
 238 00d1 8B       		.byte	-117
 239 00d2 8B       		.byte	-117
 240 00d3 00       		.byte	0
 241 00d4 80       		.byte	-128
 242 00d5 00       		.byte	0
 243 00d6 00       		.byte	0
 244 00d7 00       		.byte	0
 245 00d8 00       		.byte	0
 246 00d9 7F       		.byte	127
 247 00da 7F       		.byte	127
 248 00db 00       		.byte	0
 249 00dc 00       		.byte	0
 250 00dd 00       		.byte	0
 251 00de 00       		.byte	0
 252 00df 00       		.byte	0
 253 00e0 30       		.byte	48
 254 00e1 30       		.byte	48
 255 00e2 00       		.byte	0
 256 00e3 00       		.byte	0
 257 00e4 00       		.byte	0
 258 00e5 00       		.byte	0
 259 00e6 00       		.byte	0
 260 00e7 00       		.byte	0
 261              		.section	.cywolatch,"a",%progbits
 262              		.align	2
 263              		.type	cy_meta_wonvl, %object
 264              		.size	cy_meta_wonvl, 4
 265              	cy_meta_wonvl:
 266 0000 BC       		.byte	-68
 267 0001 90       		.byte	-112
 268 0002 AC       		.byte	-84
 269 0003 AF       		.byte	-81
 270              		.section	.cycustnvl,"a",%progbits
 271              		.align	2
 272              		.type	cy_meta_custnvl, %object
 273              		.size	cy_meta_custnvl, 4
 274              	cy_meta_custnvl:
 275 0000 00       		.byte	0
 276 0001 00       		.byte	0
 277 0002 40       		.byte	64
 278 0003 05       		.byte	5
 279              		.section	.cymeta,"a",%progbits
 280              		.align	2
 281              		.type	cy_metadata, %object
 282              		.size	cy_metadata, 12
 283              	cy_metadata:
 284 0000 00       		.byte	0
 285 0001 01       		.byte	1
ARM GAS  C:\Users\danza\AppData\Local\Temp\ccqZSlST.s 			page 6


 286 0002 2E       		.byte	46
 287 0003 16       		.byte	22
 288 0004 10       		.byte	16
 289 0005 69       		.byte	105
 290 0006 00       		.byte	0
 291 0007 01       		.byte	1
 292 0008 00       		.byte	0
 293 0009 00       		.byte	0
 294 000a 00       		.byte	0
 295 000b 00       		.byte	0
 296              		.section	.cyflashprotect,"a",%progbits
 297              		.align	2
 298              		.type	cy_meta_flashprotect, %object
 299              		.size	cy_meta_flashprotect, 256
 300              	cy_meta_flashprotect:
 301 0000 00000000 		.space	256
 301      00000000 
 301      00000000 
 301      00000000 
 301      00000000 
 302              		.text
 303              	.Letext0:
 304              		.file 1 "c:\\program files (x86)\\cypress\\psoc creator\\4.3\\psoc creator\\import\\gnu\\arm\\5.4.
 305              		.file 2 "c:\\program files (x86)\\cypress\\psoc creator\\4.3\\psoc creator\\import\\gnu\\arm\\5.4.
 306              		.file 3 "Generated_Source\\PSoC5\\cymetadata.c"
 307              		.section	.debug_info,"",%progbits
 308              	.Ldebug_info0:
 309 0000 30010000 		.4byte	0x130
 310 0004 0400     		.2byte	0x4
 311 0006 00000000 		.4byte	.Ldebug_abbrev0
 312 000a 04       		.byte	0x4
 313 000b 01       		.uleb128 0x1
 314 000c 4F000000 		.4byte	.LASF17
 315 0010 0C       		.byte	0xc
 316 0011 A9010000 		.4byte	.LASF18
 317 0015 16000000 		.4byte	.LASF19
 318 0019 00000000 		.4byte	.Ldebug_line0
 319 001d 02       		.uleb128 0x2
 320 001e 01       		.byte	0x1
 321 001f 06       		.byte	0x6
 322 0020 9D010000 		.4byte	.LASF0
 323 0024 03       		.uleb128 0x3
 324 0025 00000000 		.4byte	.LASF9
 325 0029 01       		.byte	0x1
 326 002a 1D       		.byte	0x1d
 327 002b 2F000000 		.4byte	0x2f
 328 002f 02       		.uleb128 0x2
 329 0030 01       		.byte	0x1
 330 0031 08       		.byte	0x8
 331 0032 41000000 		.4byte	.LASF1
 332 0036 02       		.uleb128 0x2
 333 0037 02       		.byte	0x2
 334 0038 05       		.byte	0x5
 335 0039 8A010000 		.4byte	.LASF2
 336 003d 02       		.uleb128 0x2
 337 003e 02       		.byte	0x2
 338 003f 07       		.byte	0x7
ARM GAS  C:\Users\danza\AppData\Local\Temp\ccqZSlST.s 			page 7


 339 0040 EF000000 		.4byte	.LASF3
 340 0044 02       		.uleb128 0x2
 341 0045 04       		.byte	0x4
 342 0046 05       		.byte	0x5
 343 0047 94010000 		.4byte	.LASF4
 344 004b 02       		.uleb128 0x2
 345 004c 04       		.byte	0x4
 346 004d 07       		.byte	0x7
 347 004e DD000000 		.4byte	.LASF5
 348 0052 02       		.uleb128 0x2
 349 0053 08       		.byte	0x8
 350 0054 05       		.byte	0x5
 351 0055 7C010000 		.4byte	.LASF6
 352 0059 02       		.uleb128 0x2
 353 005a 08       		.byte	0x8
 354 005b 07       		.byte	0x7
 355 005c 31010000 		.4byte	.LASF7
 356 0060 04       		.uleb128 0x4
 357 0061 04       		.byte	0x4
 358 0062 05       		.byte	0x5
 359 0063 696E7400 		.ascii	"int\000"
 360 0067 02       		.uleb128 0x2
 361 0068 04       		.byte	0x4
 362 0069 07       		.byte	0x7
 363 006a 24010000 		.4byte	.LASF8
 364 006e 03       		.uleb128 0x3
 365 006f 48010000 		.4byte	.LASF10
 366 0073 02       		.byte	0x2
 367 0074 18       		.byte	0x18
 368 0075 24000000 		.4byte	0x24
 369 0079 05       		.uleb128 0x5
 370 007a 90000000 		.4byte	0x90
 371 007e 89000000 		.4byte	0x89
 372 0082 06       		.uleb128 0x6
 373 0083 89000000 		.4byte	0x89
 374 0087 E7       		.byte	0xe7
 375 0088 00       		.byte	0
 376 0089 02       		.uleb128 0x2
 377 008a 04       		.byte	0x4
 378 008b 07       		.byte	0x7
 379 008c 73010000 		.4byte	.LASF11
 380 0090 07       		.uleb128 0x7
 381 0091 6E000000 		.4byte	0x6e
 382 0095 08       		.uleb128 0x8
 383 0096 12010000 		.4byte	.LASF12
 384 009a 03       		.byte	0x3
 385 009b 1F       		.byte	0x1f
 386 009c A6000000 		.4byte	0xa6
 387 00a0 05       		.uleb128 0x5
 388 00a1 03       		.byte	0x3
 389 00a2 00000000 		.4byte	cy_meta_configecc
 390 00a6 07       		.uleb128 0x7
 391 00a7 79000000 		.4byte	0x79
 392 00ab 05       		.uleb128 0x5
 393 00ac 90000000 		.4byte	0x90
 394 00b0 BB000000 		.4byte	0xbb
 395 00b4 06       		.uleb128 0x6
ARM GAS  C:\Users\danza\AppData\Local\Temp\ccqZSlST.s 			page 8


 396 00b5 89000000 		.4byte	0x89
 397 00b9 03       		.byte	0x3
 398 00ba 00       		.byte	0
 399 00bb 08       		.uleb128 0x8
 400 00bc 02010000 		.4byte	.LASF13
 401 00c0 03       		.byte	0x3
 402 00c1 49       		.byte	0x49
 403 00c2 CC000000 		.4byte	0xcc
 404 00c6 05       		.uleb128 0x5
 405 00c7 03       		.byte	0x3
 406 00c8 00000000 		.4byte	cy_meta_custnvl
 407 00cc 07       		.uleb128 0x7
 408 00cd AB000000 		.4byte	0xab
 409 00d1 08       		.uleb128 0x8
 410 00d2 65010000 		.4byte	.LASF14
 411 00d6 03       		.byte	0x3
 412 00d7 57       		.byte	0x57
 413 00d8 E2000000 		.4byte	0xe2
 414 00dc 05       		.uleb128 0x5
 415 00dd 03       		.byte	0x3
 416 00de 00000000 		.4byte	cy_meta_wonvl
 417 00e2 07       		.uleb128 0x7
 418 00e3 AB000000 		.4byte	0xab
 419 00e7 05       		.uleb128 0x5
 420 00e8 90000000 		.4byte	0x90
 421 00ec F7000000 		.4byte	0xf7
 422 00f0 06       		.uleb128 0x6
 423 00f1 89000000 		.4byte	0x89
 424 00f5 FF       		.byte	0xff
 425 00f6 00       		.byte	0
 426 00f7 08       		.uleb128 0x8
 427 00f8 50010000 		.4byte	.LASF15
 428 00fc 03       		.byte	0x3
 429 00fd 65       		.byte	0x65
 430 00fe 08010000 		.4byte	0x108
 431 0102 05       		.uleb128 0x5
 432 0103 03       		.byte	0x3
 433 0104 00000000 		.4byte	cy_meta_flashprotect
 434 0108 07       		.uleb128 0x7
 435 0109 E7000000 		.4byte	0xe7
 436 010d 05       		.uleb128 0x5
 437 010e 90000000 		.4byte	0x90
 438 0112 1D010000 		.4byte	0x11d
 439 0116 06       		.uleb128 0x6
 440 0117 89000000 		.4byte	0x89
 441 011b 0B       		.byte	0xb
 442 011c 00       		.byte	0
 443 011d 08       		.uleb128 0x8
 444 011e 0A000000 		.4byte	.LASF16
 445 0122 03       		.byte	0x3
 446 0123 92       		.byte	0x92
 447 0124 2E010000 		.4byte	0x12e
 448 0128 05       		.uleb128 0x5
 449 0129 03       		.byte	0x3
 450 012a 00000000 		.4byte	cy_metadata
 451 012e 07       		.uleb128 0x7
 452 012f 0D010000 		.4byte	0x10d
ARM GAS  C:\Users\danza\AppData\Local\Temp\ccqZSlST.s 			page 9


 453 0133 00       		.byte	0
 454              		.section	.debug_abbrev,"",%progbits
 455              	.Ldebug_abbrev0:
 456 0000 01       		.uleb128 0x1
 457 0001 11       		.uleb128 0x11
 458 0002 01       		.byte	0x1
 459 0003 25       		.uleb128 0x25
 460 0004 0E       		.uleb128 0xe
 461 0005 13       		.uleb128 0x13
 462 0006 0B       		.uleb128 0xb
 463 0007 03       		.uleb128 0x3
 464 0008 0E       		.uleb128 0xe
 465 0009 1B       		.uleb128 0x1b
 466 000a 0E       		.uleb128 0xe
 467 000b 10       		.uleb128 0x10
 468 000c 17       		.uleb128 0x17
 469 000d 00       		.byte	0
 470 000e 00       		.byte	0
 471 000f 02       		.uleb128 0x2
 472 0010 24       		.uleb128 0x24
 473 0011 00       		.byte	0
 474 0012 0B       		.uleb128 0xb
 475 0013 0B       		.uleb128 0xb
 476 0014 3E       		.uleb128 0x3e
 477 0015 0B       		.uleb128 0xb
 478 0016 03       		.uleb128 0x3
 479 0017 0E       		.uleb128 0xe
 480 0018 00       		.byte	0
 481 0019 00       		.byte	0
 482 001a 03       		.uleb128 0x3
 483 001b 16       		.uleb128 0x16
 484 001c 00       		.byte	0
 485 001d 03       		.uleb128 0x3
 486 001e 0E       		.uleb128 0xe
 487 001f 3A       		.uleb128 0x3a
 488 0020 0B       		.uleb128 0xb
 489 0021 3B       		.uleb128 0x3b
 490 0022 0B       		.uleb128 0xb
 491 0023 49       		.uleb128 0x49
 492 0024 13       		.uleb128 0x13
 493 0025 00       		.byte	0
 494 0026 00       		.byte	0
 495 0027 04       		.uleb128 0x4
 496 0028 24       		.uleb128 0x24
 497 0029 00       		.byte	0
 498 002a 0B       		.uleb128 0xb
 499 002b 0B       		.uleb128 0xb
 500 002c 3E       		.uleb128 0x3e
 501 002d 0B       		.uleb128 0xb
 502 002e 03       		.uleb128 0x3
 503 002f 08       		.uleb128 0x8
 504 0030 00       		.byte	0
 505 0031 00       		.byte	0
 506 0032 05       		.uleb128 0x5
 507 0033 01       		.uleb128 0x1
 508 0034 01       		.byte	0x1
 509 0035 49       		.uleb128 0x49
ARM GAS  C:\Users\danza\AppData\Local\Temp\ccqZSlST.s 			page 10


 510 0036 13       		.uleb128 0x13
 511 0037 01       		.uleb128 0x1
 512 0038 13       		.uleb128 0x13
 513 0039 00       		.byte	0
 514 003a 00       		.byte	0
 515 003b 06       		.uleb128 0x6
 516 003c 21       		.uleb128 0x21
 517 003d 00       		.byte	0
 518 003e 49       		.uleb128 0x49
 519 003f 13       		.uleb128 0x13
 520 0040 2F       		.uleb128 0x2f
 521 0041 0B       		.uleb128 0xb
 522 0042 00       		.byte	0
 523 0043 00       		.byte	0
 524 0044 07       		.uleb128 0x7
 525 0045 26       		.uleb128 0x26
 526 0046 00       		.byte	0
 527 0047 49       		.uleb128 0x49
 528 0048 13       		.uleb128 0x13
 529 0049 00       		.byte	0
 530 004a 00       		.byte	0
 531 004b 08       		.uleb128 0x8
 532 004c 34       		.uleb128 0x34
 533 004d 00       		.byte	0
 534 004e 03       		.uleb128 0x3
 535 004f 0E       		.uleb128 0xe
 536 0050 3A       		.uleb128 0x3a
 537 0051 0B       		.uleb128 0xb
 538 0052 3B       		.uleb128 0x3b
 539 0053 0B       		.uleb128 0xb
 540 0054 49       		.uleb128 0x49
 541 0055 13       		.uleb128 0x13
 542 0056 3F       		.uleb128 0x3f
 543 0057 19       		.uleb128 0x19
 544 0058 02       		.uleb128 0x2
 545 0059 18       		.uleb128 0x18
 546 005a 00       		.byte	0
 547 005b 00       		.byte	0
 548 005c 00       		.byte	0
 549              		.section	.debug_aranges,"",%progbits
 550 0000 14000000 		.4byte	0x14
 551 0004 0200     		.2byte	0x2
 552 0006 00000000 		.4byte	.Ldebug_info0
 553 000a 04       		.byte	0x4
 554 000b 00       		.byte	0
 555 000c 0000     		.2byte	0
 556 000e 0000     		.2byte	0
 557 0010 00000000 		.4byte	0
 558 0014 00000000 		.4byte	0
 559              		.section	.debug_line,"",%progbits
 560              	.Ldebug_line0:
 561 0000 3D010000 		.section	.debug_str,"MS",%progbits,1
 561      02003701 
 561      00000201 
 561      FB0E0D00 
 561      01010101 
 562              	.LASF9:
ARM GAS  C:\Users\danza\AppData\Local\Temp\ccqZSlST.s 			page 11


 563 0000 5F5F7569 		.ascii	"__uint8_t\000"
 563      6E74385F 
 563      7400
 564              	.LASF16:
 565 000a 63795F6D 		.ascii	"cy_metadata\000"
 565      65746164 
 565      61746100 
 566              	.LASF19:
 567 0016 433A5C45 		.ascii	"C:\\ECE381_Labs\\Lab04_Game\\Lab04_Game.cydsn\000"
 567      43453338 
 567      315F4C61 
 567      62735C4C 
 567      61623034 
 568              	.LASF1:
 569 0041 756E7369 		.ascii	"unsigned char\000"
 569      676E6564 
 569      20636861 
 569      7200
 570              	.LASF17:
 571 004f 474E5520 		.ascii	"GNU C11 5.4.1 20160609 (release) [ARM/embedded-5-br"
 571      43313120 
 571      352E342E 
 571      31203230 
 571      31363036 
 572 0082 616E6368 		.ascii	"anch revision 237715] -mcpu=cortex-m3 -mthumb -g -O"
 572      20726576 
 572      6973696F 
 572      6E203233 
 572      37373135 
 573 00b5 67202D66 		.ascii	"g -ffunction-sections -ffat-lto-objects\000"
 573      66756E63 
 573      74696F6E 
 573      2D736563 
 573      74696F6E 
 574              	.LASF5:
 575 00dd 6C6F6E67 		.ascii	"long unsigned int\000"
 575      20756E73 
 575      69676E65 
 575      6420696E 
 575      7400
 576              	.LASF3:
 577 00ef 73686F72 		.ascii	"short unsigned int\000"
 577      7420756E 
 577      7369676E 
 577      65642069 
 577      6E7400
 578              	.LASF13:
 579 0102 63795F6D 		.ascii	"cy_meta_custnvl\000"
 579      6574615F 
 579      63757374 
 579      6E766C00 
 580              	.LASF12:
 581 0112 63795F6D 		.ascii	"cy_meta_configecc\000"
 581      6574615F 
 581      636F6E66 
 581      69676563 
 581      6300
ARM GAS  C:\Users\danza\AppData\Local\Temp\ccqZSlST.s 			page 12


 582              	.LASF8:
 583 0124 756E7369 		.ascii	"unsigned int\000"
 583      676E6564 
 583      20696E74 
 583      00
 584              	.LASF7:
 585 0131 6C6F6E67 		.ascii	"long long unsigned int\000"
 585      206C6F6E 
 585      6720756E 
 585      7369676E 
 585      65642069 
 586              	.LASF10:
 587 0148 75696E74 		.ascii	"uint8_t\000"
 587      385F7400 
 588              	.LASF15:
 589 0150 63795F6D 		.ascii	"cy_meta_flashprotect\000"
 589      6574615F 
 589      666C6173 
 589      6870726F 
 589      74656374 
 590              	.LASF14:
 591 0165 63795F6D 		.ascii	"cy_meta_wonvl\000"
 591      6574615F 
 591      776F6E76 
 591      6C00
 592              	.LASF11:
 593 0173 73697A65 		.ascii	"sizetype\000"
 593      74797065 
 593      00
 594              	.LASF6:
 595 017c 6C6F6E67 		.ascii	"long long int\000"
 595      206C6F6E 
 595      6720696E 
 595      7400
 596              	.LASF2:
 597 018a 73686F72 		.ascii	"short int\000"
 597      7420696E 
 597      7400
 598              	.LASF4:
 599 0194 6C6F6E67 		.ascii	"long int\000"
 599      20696E74 
 599      00
 600              	.LASF0:
 601 019d 7369676E 		.ascii	"signed char\000"
 601      65642063 
 601      68617200 
 602              	.LASF18:
 603 01a9 47656E65 		.ascii	"Generated_Source\\PSoC5\\cymetadata.c\000"
 603      72617465 
 603      645F536F 
 603      75726365 
 603      5C50536F 
 604              		.ident	"GCC: (GNU Tools for ARM Embedded Processors) 5.4.1 20160609 (release) [ARM/embedded-5-bran
